[LOCAL] [2022-04-22 20:49:29.001] [INFO ] [org.hibernate.validator.internal.util.Version.<clinit>:line-21] - HV000001: Hibernate Validator 6.2.0.Final
[LOCAL] [2022-04-22 20:49:29.017] [INFO ] [com.api.sample.SampleApplication.logStarting:line-55] - Starting SampleApplication using Java 1.8.0_311 on ihyeong-won-ui-MacBookPro.local with PID 23221 (/Users/hw/Desktop/project/apiSample/target/classes started by hw in /Users/hw/Desktop/project/apiSample)
[LOCAL] [2022-04-22 20:49:29.017] [INFO ] [com.api.sample.SampleApplication.logStartupProfileInfo:line-659] - No active profile set, falling back to default profiles: default
[LOCAL] [2022-04-22 20:49:30.592] [INFO ] [org.springframework.cloud.context.scope.GenericScope.setSerializationId:line-283] - BeanFactory id=215a5900-846d-3560-9269-05f528822c83
[LOCAL] [2022-04-22 20:49:30.737] [INFO ] [com.ulisesbocchio.jasyptspringboot.configuration.EnableEncryptablePropertiesBeanFactoryPostProcessor.postProcessBeanFactory:line-39] - Post-processing PropertySource instances
[LOCAL] [2022-04-22 20:49:30.780] [INFO ] [com.ulisesbocchio.jasyptspringboot.EncryptablePropertySourceConverter.makeEncryptable:line-56] - Converting PropertySource configurationProperties [org.springframework.boot.context.properties.source.ConfigurationPropertySourcesPropertySource] to AOP Proxy
[LOCAL] [2022-04-22 20:49:30.781] [INFO ] [com.ulisesbocchio.jasyptspringboot.EncryptablePropertySourceConverter.makeEncryptable:line-56] - Converting PropertySource servletConfigInitParams [org.springframework.core.env.PropertySource$StubPropertySource] to EncryptablePropertySourceWrapper
[LOCAL] [2022-04-22 20:49:30.781] [INFO ] [com.ulisesbocchio.jasyptspringboot.EncryptablePropertySourceConverter.makeEncryptable:line-56] - Converting PropertySource servletContextInitParams [org.springframework.core.env.PropertySource$StubPropertySource] to EncryptablePropertySourceWrapper
[LOCAL] [2022-04-22 20:49:30.782] [INFO ] [com.ulisesbocchio.jasyptspringboot.EncryptablePropertySourceConverter.makeEncryptable:line-56] - Converting PropertySource systemProperties [org.springframework.core.env.PropertiesPropertySource] to EncryptableMapPropertySourceWrapper
[LOCAL] [2022-04-22 20:49:30.782] [INFO ] [com.ulisesbocchio.jasyptspringboot.EncryptablePropertySourceConverter.makeEncryptable:line-56] - Converting PropertySource systemEnvironment [org.springframework.boot.env.SystemEnvironmentPropertySourceEnvironmentPostProcessor$OriginAwareSystemEnvironmentPropertySource] to EncryptableSystemEnvironmentPropertySourceWrapper
[LOCAL] [2022-04-22 20:49:30.782] [INFO ] [com.ulisesbocchio.jasyptspringboot.EncryptablePropertySourceConverter.makeEncryptable:line-56] - Converting PropertySource random [org.springframework.boot.env.RandomValuePropertySource] to EncryptablePropertySourceWrapper
[LOCAL] [2022-04-22 20:49:30.782] [INFO ] [com.ulisesbocchio.jasyptspringboot.EncryptablePropertySourceConverter.makeEncryptable:line-56] - Converting PropertySource cachedrandom [org.springframework.cloud.util.random.CachedRandomPropertySource] to EncryptablePropertySourceWrapper
[LOCAL] [2022-04-22 20:49:30.782] [INFO ] [com.ulisesbocchio.jasyptspringboot.EncryptablePropertySourceConverter.makeEncryptable:line-56] - Converting PropertySource springCloudClientHostInfo [org.springframework.core.env.MapPropertySource] to EncryptableMapPropertySourceWrapper
[LOCAL] [2022-04-22 20:49:30.782] [INFO ] [com.ulisesbocchio.jasyptspringboot.EncryptablePropertySourceConverter.makeEncryptable:line-56] - Converting PropertySource Config resource 'class path resource [application.yml]' via location 'optional:classpath:/' [org.springframework.boot.env.OriginTrackedMapPropertySource] to EncryptableMapPropertySourceWrapper
[LOCAL] [2022-04-22 20:49:30.876] [INFO ] [com.ulisesbocchio.jasyptspringboot.filter.DefaultLazyPropertyFilter.lambda$null$2:line-31] - Property Filter custom Bean not found with name 'encryptablePropertyFilter'. Initializing Default Property Filter
[LOCAL] [2022-04-22 20:49:30.916] [INFO ] [org.springframework.context.support.PostProcessorRegistrationDelegate$BeanPostProcessorChecker.postProcessAfterInitialization:line-376] - Bean 'org.springframework.ws.config.annotation.DelegatingWsConfiguration' of type [org.springframework.ws.config.annotation.DelegatingWsConfiguration$$EnhancerBySpringCGLIB$$c456722] is not eligible for getting processed by all BeanPostProcessors (for example: not eligible for auto-proxying)
[LOCAL] [2022-04-22 20:49:30.952] [INFO ] [org.springframework.ws.soap.addressing.server.AnnotationActionEndpointMapping.afterPropertiesSet:line-239] - Supporting [WS-Addressing August 2004, WS-Addressing 1.0]
[LOCAL] [2022-04-22 20:49:31.166] [INFO ] [com.ulisesbocchio.jasyptspringboot.resolver.DefaultLazyPropertyResolver.lambda$null$2:line-35] - Property Resolver custom Bean not found with name 'encryptablePropertyResolver'. Initializing Default Property Resolver
[LOCAL] [2022-04-22 20:49:31.172] [INFO ] [com.ulisesbocchio.jasyptspringboot.detector.DefaultLazyPropertyDetector.lambda$null$2:line-35] - Property Detector custom Bean not found with name 'encryptablePropertyDetector'. Initializing Default Property Detector
[LOCAL] [2022-04-22 20:49:31.534] [INFO ] [org.springframework.boot.web.embedded.tomcat.TomcatWebServer.initialize:line-108] - Tomcat initialized with port(s): 8080 (http)
[LOCAL] [2022-04-22 20:49:31.542] [INFO ] [org.apache.coyote.http11.Http11NioProtocol.log:line-173] - Initializing ProtocolHandler ["http-nio-8080"]
[LOCAL] [2022-04-22 20:49:31.542] [INFO ] [org.apache.catalina.core.StandardService.log:line-173] - Starting service [Tomcat]
[LOCAL] [2022-04-22 20:49:31.543] [INFO ] [org.apache.catalina.core.StandardEngine.log:line-173] - Starting Servlet engine: [Apache Tomcat/9.0.52]
[LOCAL] [2022-04-22 20:49:31.620] [INFO ] [org.apache.catalina.core.ContainerBase.[Tomcat].[localhost].[/].log:line-173] - Initializing Spring embedded WebApplicationContext
[LOCAL] [2022-04-22 20:49:31.621] [INFO ] [org.springframework.boot.web.servlet.context.ServletWebServerApplicationContext.prepareWebApplicationContext:line-290] - Root WebApplicationContext: initialization completed in 2543 ms
[LOCAL] [2022-04-22 20:49:31.734] [INFO ] [com.api.sample.config.ApiFilter.init:line-19] - =====================Filter TEST  : init ApiFilter=====================
[LOCAL] [2022-04-22 20:49:31.749] [WARN ] [org.springframework.boot.web.servlet.context.AnnotationConfigServletWebServerApplicationContext.refresh:line-591] - Exception encountered during context initialization - cancelling refresh attempt: org.springframework.beans.factory.UnsatisfiedDependencyException: Error creating bean with name 'apiTestController' defined in file [/Users/hw/Desktop/project/apiSample/target/classes/com/api/sample/api/controller/ApiTestController.class]: Unsatisfied dependency expressed through constructor parameter 0; nested exception is org.springframework.beans.factory.BeanCreationException: Error creating bean with name 'com.api.sample.feign.SampleFeignClient': Unexpected exception during bean creation; nested exception is java.lang.IllegalArgumentException: Could not resolve placeholder 'api.url' in value "${api.url}"
[LOCAL] [2022-04-22 20:49:31.752] [INFO ] [org.apache.catalina.core.StandardService.log:line-173] - Stopping service [Tomcat]
[LOCAL] [2022-04-22 20:49:31.753] [INFO ] [com.api.sample.config.ApiFilter.destroy:line-32] - =====================Filter TEST  : destroy ApiFilter=====================
[LOCAL] [2022-04-22 20:49:31.772] [INFO ] [org.springframework.boot.autoconfigure.logging.ConditionEvaluationReportLoggingListener.logMessage:line-136] - 

Error starting ApplicationContext. To display the conditions report re-run your application with 'debug' enabled.
[LOCAL] [2022-04-22 20:49:31.788] [ERROR] [org.springframework.boot.SpringApplication.reportFailure:line-843] - Application run failed
org.springframework.beans.factory.UnsatisfiedDependencyException: Error creating bean with name 'apiTestController' defined in file [/Users/hw/Desktop/project/apiSample/target/classes/com/api/sample/api/controller/ApiTestController.class]: Unsatisfied dependency expressed through constructor parameter 0; nested exception is org.springframework.beans.factory.BeanCreationException: Error creating bean with name 'com.api.sample.feign.SampleFeignClient': Unexpected exception during bean creation; nested exception is java.lang.IllegalArgumentException: Could not resolve placeholder 'api.url' in value "${api.url}"
	at org.springframework.beans.factory.support.ConstructorResolver.createArgumentArray(ConstructorResolver.java:800)
	at org.springframework.beans.factory.support.ConstructorResolver.autowireConstructor(ConstructorResolver.java:229)
	at org.springframework.beans.factory.support.AbstractAutowireCapableBeanFactory.autowireConstructor(AbstractAutowireCapableBeanFactory.java:1354)
	at org.springframework.beans.factory.support.AbstractAutowireCapableBeanFactory.createBeanInstance(AbstractAutowireCapableBeanFactory.java:1204)
	at org.springframework.beans.factory.support.AbstractAutowireCapableBeanFactory.doCreateBean(AbstractAutowireCapableBeanFactory.java:564)
	at org.springframework.beans.factory.support.AbstractAutowireCapableBeanFactory.createBean(AbstractAutowireCapableBeanFactory.java:524)
	at org.springframework.beans.factory.support.AbstractBeanFactory.lambda$doGetBean$0(AbstractBeanFactory.java:335)
	at org.springframework.beans.factory.support.DefaultSingletonBeanRegistry.getSingleton(DefaultSingletonBeanRegistry.java:234)
	at org.springframework.beans.factory.support.AbstractBeanFactory.doGetBean(AbstractBeanFactory.java:333)
	at org.springframework.beans.factory.support.AbstractBeanFactory.getBean(AbstractBeanFactory.java:208)
	at org.springframework.beans.factory.support.DefaultListableBeanFactory.preInstantiateSingletons(DefaultListableBeanFactory.java:944)
	at org.springframework.context.support.AbstractApplicationContext.finishBeanFactoryInitialization(AbstractApplicationContext.java:918)
	at org.springframework.context.support.AbstractApplicationContext.refresh(AbstractApplicationContext.java:583)
	at org.springframework.boot.web.servlet.context.ServletWebServerApplicationContext.refresh(ServletWebServerApplicationContext.java:145)
	at org.springframework.boot.SpringApplication.refresh(SpringApplication.java:754)
	at org.springframework.boot.SpringApplication.refreshContext(SpringApplication.java:434)
	at org.springframework.boot.SpringApplication.run(SpringApplication.java:338)
	at org.springframework.boot.SpringApplication.run(SpringApplication.java:1343)
	at org.springframework.boot.SpringApplication.run(SpringApplication.java:1332)
	at com.api.sample.SampleApplication.main(SampleApplication.java:18)
Caused by: org.springframework.beans.factory.BeanCreationException: Error creating bean with name 'com.api.sample.feign.SampleFeignClient': Unexpected exception during bean creation; nested exception is java.lang.IllegalArgumentException: Could not resolve placeholder 'api.url' in value "${api.url}"
	at org.springframework.beans.factory.support.AbstractAutowireCapableBeanFactory.createBean(AbstractAutowireCapableBeanFactory.java:537)
	at org.springframework.beans.factory.support.AbstractBeanFactory.lambda$doGetBean$0(AbstractBeanFactory.java:335)
	at org.springframework.beans.factory.support.DefaultSingletonBeanRegistry.getSingleton(DefaultSingletonBeanRegistry.java:234)
	at org.springframework.beans.factory.support.AbstractBeanFactory.doGetBean(AbstractBeanFactory.java:333)
	at org.springframework.beans.factory.support.AbstractBeanFactory.getBean(AbstractBeanFactory.java:208)
	at org.springframework.beans.factory.config.DependencyDescriptor.resolveCandidate(DependencyDescriptor.java:276)
	at org.springframework.beans.factory.support.DefaultListableBeanFactory.doResolveDependency(DefaultListableBeanFactory.java:1380)
	at org.springframework.beans.factory.support.DefaultListableBeanFactory.resolveDependency(DefaultListableBeanFactory.java:1300)
	at org.springframework.beans.factory.support.ConstructorResolver.resolveAutowiredArgument(ConstructorResolver.java:887)
	at org.springframework.beans.factory.support.ConstructorResolver.createArgumentArray(ConstructorResolver.java:791)
	... 19 common frames omitted
Caused by: java.lang.IllegalArgumentException: Could not resolve placeholder 'api.url' in value "${api.url}"
	at org.springframework.util.PropertyPlaceholderHelper.parseStringValue(PropertyPlaceholderHelper.java:180)
	at org.springframework.util.PropertyPlaceholderHelper.replacePlaceholders(PropertyPlaceholderHelper.java:126)
	at org.springframework.core.env.AbstractPropertyResolver.doResolvePlaceholders(AbstractPropertyResolver.java:239)
	at org.springframework.core.env.AbstractPropertyResolver.resolveRequiredPlaceholders(AbstractPropertyResolver.java:210)
	at org.springframework.context.support.PropertySourcesPlaceholderConfigurer.lambda$processProperties$0(PropertySourcesPlaceholderConfigurer.java:175)
	at org.springframework.beans.factory.support.AbstractBeanFactory.resolveEmbeddedValue(AbstractBeanFactory.java:936)
	at org.springframework.cloud.openfeign.FeignClientsRegistrar.resolve(FeignClientsRegistrar.java:301)
	at org.springframework.cloud.openfeign.FeignClientsRegistrar.getUrl(FeignClientsRegistrar.java:311)
	at org.springframework.cloud.openfeign.FeignClientsRegistrar.lambda$registerFeignClient$0(FeignClientsRegistrar.java:222)
	at org.springframework.beans.factory.support.AbstractAutowireCapableBeanFactory.obtainFromSupplier(AbstractAutowireCapableBeanFactory.java:1231)
	at org.springframework.beans.factory.support.AbstractAutowireCapableBeanFactory.createBeanInstance(AbstractAutowireCapableBeanFactory.java:1173)
	at org.springframework.beans.factory.support.AbstractAutowireCapableBeanFactory.doCreateBean(AbstractAutowireCapableBeanFactory.java:564)
	at org.springframework.beans.factory.support.AbstractAutowireCapableBeanFactory.createBean(AbstractAutowireCapableBeanFactory.java:524)
	... 28 common frames omitted
[LOCAL] [2022-04-22 20:51:05.043] [INFO ] [org.hibernate.validator.internal.util.Version.<clinit>:line-21] - HV000001: Hibernate Validator 6.2.0.Final
[LOCAL] [2022-04-22 20:51:05.058] [INFO ] [com.api.sample.SampleApplication.logStarting:line-55] - Starting SampleApplication using Java 1.8.0_311 on ihyeong-won-ui-MacBookPro.local with PID 23278 (/Users/hw/Desktop/project/apiSample/target/classes started by hw in /Users/hw/Desktop/project/apiSample)
[LOCAL] [2022-04-22 20:51:05.059] [INFO ] [com.api.sample.SampleApplication.logStartupProfileInfo:line-659] - No active profile set, falling back to default profiles: default
[LOCAL] [2022-04-22 20:51:06.206] [INFO ] [org.springframework.cloud.context.scope.GenericScope.setSerializationId:line-283] - BeanFactory id=215a5900-846d-3560-9269-05f528822c83
[LOCAL] [2022-04-22 20:51:06.303] [INFO ] [com.ulisesbocchio.jasyptspringboot.configuration.EnableEncryptablePropertiesBeanFactoryPostProcessor.postProcessBeanFactory:line-39] - Post-processing PropertySource instances
[LOCAL] [2022-04-22 20:51:06.332] [INFO ] [com.ulisesbocchio.jasyptspringboot.EncryptablePropertySourceConverter.makeEncryptable:line-56] - Converting PropertySource configurationProperties [org.springframework.boot.context.properties.source.ConfigurationPropertySourcesPropertySource] to AOP Proxy
[LOCAL] [2022-04-22 20:51:06.333] [INFO ] [com.ulisesbocchio.jasyptspringboot.EncryptablePropertySourceConverter.makeEncryptable:line-56] - Converting PropertySource servletConfigInitParams [org.springframework.core.env.PropertySource$StubPropertySource] to EncryptablePropertySourceWrapper
[LOCAL] [2022-04-22 20:51:06.334] [INFO ] [com.ulisesbocchio.jasyptspringboot.EncryptablePropertySourceConverter.makeEncryptable:line-56] - Converting PropertySource servletContextInitParams [org.springframework.core.env.PropertySource$StubPropertySource] to EncryptablePropertySourceWrapper
[LOCAL] [2022-04-22 20:51:06.334] [INFO ] [com.ulisesbocchio.jasyptspringboot.EncryptablePropertySourceConverter.makeEncryptable:line-56] - Converting PropertySource systemProperties [org.springframework.core.env.PropertiesPropertySource] to EncryptableMapPropertySourceWrapper
[LOCAL] [2022-04-22 20:51:06.334] [INFO ] [com.ulisesbocchio.jasyptspringboot.EncryptablePropertySourceConverter.makeEncryptable:line-56] - Converting PropertySource systemEnvironment [org.springframework.boot.env.SystemEnvironmentPropertySourceEnvironmentPostProcessor$OriginAwareSystemEnvironmentPropertySource] to EncryptableSystemEnvironmentPropertySourceWrapper
[LOCAL] [2022-04-22 20:51:06.335] [INFO ] [com.ulisesbocchio.jasyptspringboot.EncryptablePropertySourceConverter.makeEncryptable:line-56] - Converting PropertySource random [org.springframework.boot.env.RandomValuePropertySource] to EncryptablePropertySourceWrapper
[LOCAL] [2022-04-22 20:51:06.335] [INFO ] [com.ulisesbocchio.jasyptspringboot.EncryptablePropertySourceConverter.makeEncryptable:line-56] - Converting PropertySource cachedrandom [org.springframework.cloud.util.random.CachedRandomPropertySource] to EncryptablePropertySourceWrapper
[LOCAL] [2022-04-22 20:51:06.335] [INFO ] [com.ulisesbocchio.jasyptspringboot.EncryptablePropertySourceConverter.makeEncryptable:line-56] - Converting PropertySource springCloudClientHostInfo [org.springframework.core.env.MapPropertySource] to EncryptableMapPropertySourceWrapper
[LOCAL] [2022-04-22 20:51:06.335] [INFO ] [com.ulisesbocchio.jasyptspringboot.EncryptablePropertySourceConverter.makeEncryptable:line-56] - Converting PropertySource Config resource 'class path resource [application.yml]' via location 'optional:classpath:/' [org.springframework.boot.env.OriginTrackedMapPropertySource] to EncryptableMapPropertySourceWrapper
[LOCAL] [2022-04-22 20:51:06.401] [INFO ] [com.ulisesbocchio.jasyptspringboot.filter.DefaultLazyPropertyFilter.lambda$null$2:line-31] - Property Filter custom Bean not found with name 'encryptablePropertyFilter'. Initializing Default Property Filter
[LOCAL] [2022-04-22 20:51:06.435] [INFO ] [org.springframework.context.support.PostProcessorRegistrationDelegate$BeanPostProcessorChecker.postProcessAfterInitialization:line-376] - Bean 'org.springframework.ws.config.annotation.DelegatingWsConfiguration' of type [org.springframework.ws.config.annotation.DelegatingWsConfiguration$$EnhancerBySpringCGLIB$$1f938acc] is not eligible for getting processed by all BeanPostProcessors (for example: not eligible for auto-proxying)
[LOCAL] [2022-04-22 20:51:06.463] [INFO ] [org.springframework.ws.soap.addressing.server.AnnotationActionEndpointMapping.afterPropertiesSet:line-239] - Supporting [WS-Addressing August 2004, WS-Addressing 1.0]
[LOCAL] [2022-04-22 20:51:06.636] [INFO ] [com.ulisesbocchio.jasyptspringboot.resolver.DefaultLazyPropertyResolver.lambda$null$2:line-35] - Property Resolver custom Bean not found with name 'encryptablePropertyResolver'. Initializing Default Property Resolver
[LOCAL] [2022-04-22 20:51:06.642] [INFO ] [com.ulisesbocchio.jasyptspringboot.detector.DefaultLazyPropertyDetector.lambda$null$2:line-35] - Property Detector custom Bean not found with name 'encryptablePropertyDetector'. Initializing Default Property Detector
[LOCAL] [2022-04-22 20:51:06.967] [INFO ] [org.springframework.boot.web.embedded.tomcat.TomcatWebServer.initialize:line-108] - Tomcat initialized with port(s): 8080 (http)
[LOCAL] [2022-04-22 20:51:06.975] [INFO ] [org.apache.coyote.http11.Http11NioProtocol.log:line-173] - Initializing ProtocolHandler ["http-nio-8080"]
[LOCAL] [2022-04-22 20:51:06.977] [INFO ] [org.apache.catalina.core.StandardService.log:line-173] - Starting service [Tomcat]
[LOCAL] [2022-04-22 20:51:06.977] [INFO ] [org.apache.catalina.core.StandardEngine.log:line-173] - Starting Servlet engine: [Apache Tomcat/9.0.52]
[LOCAL] [2022-04-22 20:51:07.047] [INFO ] [org.apache.catalina.core.ContainerBase.[Tomcat].[localhost].[/].log:line-173] - Initializing Spring embedded WebApplicationContext
[LOCAL] [2022-04-22 20:51:07.048] [INFO ] [org.springframework.boot.web.servlet.context.ServletWebServerApplicationContext.prepareWebApplicationContext:line-290] - Root WebApplicationContext: initialization completed in 1924 ms
[LOCAL] [2022-04-22 20:51:07.145] [INFO ] [com.api.sample.config.ApiFilter.init:line-19] - =====================Filter TEST  : init ApiFilter=====================
[LOCAL] [2022-04-22 20:51:07.555] [INFO ] [com.ulisesbocchio.jasyptspringboot.encryptor.DefaultLazyEncryptor.lambda$null$1:line-32] - Found Custom Encryptor Bean org.jasypt.encryption.pbe.PooledPBEStringEncryptor@560271a1 with name: jasyptStringEncryptor
[LOCAL] [2022-04-22 20:51:07.783] [WARN ] [org.springframework.boot.web.servlet.context.AnnotationConfigServletWebServerApplicationContext.refresh:line-591] - Exception encountered during context initialization - cancelling refresh attempt: org.springframework.beans.factory.UnsatisfiedDependencyException: Error creating bean with name 'apiTestController' defined in file [/Users/hw/Desktop/project/apiSample/target/classes/com/api/sample/api/controller/ApiTestController.class]: Unsatisfied dependency expressed through constructor parameter 1; nested exception is org.springframework.beans.factory.UnsatisfiedDependencyException: Error creating bean with name 'apiSampleService' defined in file [/Users/hw/Desktop/project/apiSample/target/classes/com/api/sample/api/service/ApiSampleService.class]: Unsatisfied dependency expressed through constructor parameter 0; nested exception is org.springframework.beans.factory.UnsatisfiedDependencyException: Error creating bean with name 'apiSampleMapper' defined in file [/Users/hw/Desktop/project/apiSample/target/classes/com/api/sample/api/mapper/ApiSampleMapper.class]: Unsatisfied dependency expressed through bean property 'sqlSessionFactory'; nested exception is org.springframework.beans.factory.BeanCreationException: Error creating bean with name 'sqlSessionFactory' defined in class path resource [org/mybatis/spring/boot/autoconfigure/MybatisAutoConfiguration.class]: Bean instantiation via factory method failed; nested exception is org.springframework.beans.BeanInstantiationException: Failed to instantiate [org.apache.ibatis.session.SqlSessionFactory]: Factory method 'sqlSessionFactory' threw exception; nested exception is org.springframework.core.NestedIOException: Failed to parse mapping resource: 'file [/Users/hw/Desktop/project/apiSample/target/classes/mapper/SweettrackerMapper.xml]'; nested exception is org.apache.ibatis.builder.BuilderException: Error parsing Mapper XML. The XML location is 'file [/Users/hw/Desktop/project/apiSample/target/classes/mapper/SweettrackerMapper.xml]'. Cause: org.apache.ibatis.builder.BuilderException: Error resolving class. Cause: org.apache.ibatis.type.TypeException: Could not resolve type alias 'AddInvoiceRequestVO'.  Cause: java.lang.ClassNotFoundException: Cannot find class: AddInvoiceRequestVO
[LOCAL] [2022-04-22 20:51:07.790] [INFO ] [org.apache.catalina.core.StandardService.log:line-173] - Stopping service [Tomcat]
[LOCAL] [2022-04-22 20:51:07.792] [INFO ] [com.api.sample.config.ApiFilter.destroy:line-32] - =====================Filter TEST  : destroy ApiFilter=====================
[LOCAL] [2022-04-22 20:51:07.806] [INFO ] [org.springframework.boot.autoconfigure.logging.ConditionEvaluationReportLoggingListener.logMessage:line-136] - 

Error starting ApplicationContext. To display the conditions report re-run your application with 'debug' enabled.
[LOCAL] [2022-04-22 20:51:07.818] [ERROR] [org.springframework.boot.SpringApplication.reportFailure:line-843] - Application run failed
org.springframework.beans.factory.UnsatisfiedDependencyException: Error creating bean with name 'apiTestController' defined in file [/Users/hw/Desktop/project/apiSample/target/classes/com/api/sample/api/controller/ApiTestController.class]: Unsatisfied dependency expressed through constructor parameter 1; nested exception is org.springframework.beans.factory.UnsatisfiedDependencyException: Error creating bean with name 'apiSampleService' defined in file [/Users/hw/Desktop/project/apiSample/target/classes/com/api/sample/api/service/ApiSampleService.class]: Unsatisfied dependency expressed through constructor parameter 0; nested exception is org.springframework.beans.factory.UnsatisfiedDependencyException: Error creating bean with name 'apiSampleMapper' defined in file [/Users/hw/Desktop/project/apiSample/target/classes/com/api/sample/api/mapper/ApiSampleMapper.class]: Unsatisfied dependency expressed through bean property 'sqlSessionFactory'; nested exception is org.springframework.beans.factory.BeanCreationException: Error creating bean with name 'sqlSessionFactory' defined in class path resource [org/mybatis/spring/boot/autoconfigure/MybatisAutoConfiguration.class]: Bean instantiation via factory method failed; nested exception is org.springframework.beans.BeanInstantiationException: Failed to instantiate [org.apache.ibatis.session.SqlSessionFactory]: Factory method 'sqlSessionFactory' threw exception; nested exception is org.springframework.core.NestedIOException: Failed to parse mapping resource: 'file [/Users/hw/Desktop/project/apiSample/target/classes/mapper/SweettrackerMapper.xml]'; nested exception is org.apache.ibatis.builder.BuilderException: Error parsing Mapper XML. The XML location is 'file [/Users/hw/Desktop/project/apiSample/target/classes/mapper/SweettrackerMapper.xml]'. Cause: org.apache.ibatis.builder.BuilderException: Error resolving class. Cause: org.apache.ibatis.type.TypeException: Could not resolve type alias 'AddInvoiceRequestVO'.  Cause: java.lang.ClassNotFoundException: Cannot find class: AddInvoiceRequestVO
	at org.springframework.beans.factory.support.ConstructorResolver.createArgumentArray(ConstructorResolver.java:800)
	at org.springframework.beans.factory.support.ConstructorResolver.autowireConstructor(ConstructorResolver.java:229)
	at org.springframework.beans.factory.support.AbstractAutowireCapableBeanFactory.autowireConstructor(AbstractAutowireCapableBeanFactory.java:1354)
	at org.springframework.beans.factory.support.AbstractAutowireCapableBeanFactory.createBeanInstance(AbstractAutowireCapableBeanFactory.java:1204)
	at org.springframework.beans.factory.support.AbstractAutowireCapableBeanFactory.doCreateBean(AbstractAutowireCapableBeanFactory.java:564)
	at org.springframework.beans.factory.support.AbstractAutowireCapableBeanFactory.createBean(AbstractAutowireCapableBeanFactory.java:524)
	at org.springframework.beans.factory.support.AbstractBeanFactory.lambda$doGetBean$0(AbstractBeanFactory.java:335)
	at org.springframework.beans.factory.support.DefaultSingletonBeanRegistry.getSingleton(DefaultSingletonBeanRegistry.java:234)
	at org.springframework.beans.factory.support.AbstractBeanFactory.doGetBean(AbstractBeanFactory.java:333)
	at org.springframework.beans.factory.support.AbstractBeanFactory.getBean(AbstractBeanFactory.java:208)
	at org.springframework.beans.factory.support.DefaultListableBeanFactory.preInstantiateSingletons(DefaultListableBeanFactory.java:944)
	at org.springframework.context.support.AbstractApplicationContext.finishBeanFactoryInitialization(AbstractApplicationContext.java:918)
	at org.springframework.context.support.AbstractApplicationContext.refresh(AbstractApplicationContext.java:583)
	at org.springframework.boot.web.servlet.context.ServletWebServerApplicationContext.refresh(ServletWebServerApplicationContext.java:145)
	at org.springframework.boot.SpringApplication.refresh(SpringApplication.java:754)
	at org.springframework.boot.SpringApplication.refreshContext(SpringApplication.java:434)
	at org.springframework.boot.SpringApplication.run(SpringApplication.java:338)
	at org.springframework.boot.SpringApplication.run(SpringApplication.java:1343)
	at org.springframework.boot.SpringApplication.run(SpringApplication.java:1332)
	at com.api.sample.SampleApplication.main(SampleApplication.java:18)
Caused by: org.springframework.beans.factory.UnsatisfiedDependencyException: Error creating bean with name 'apiSampleService' defined in file [/Users/hw/Desktop/project/apiSample/target/classes/com/api/sample/api/service/ApiSampleService.class]: Unsatisfied dependency expressed through constructor parameter 0; nested exception is org.springframework.beans.factory.UnsatisfiedDependencyException: Error creating bean with name 'apiSampleMapper' defined in file [/Users/hw/Desktop/project/apiSample/target/classes/com/api/sample/api/mapper/ApiSampleMapper.class]: Unsatisfied dependency expressed through bean property 'sqlSessionFactory'; nested exception is org.springframework.beans.factory.BeanCreationException: Error creating bean with name 'sqlSessionFactory' defined in class path resource [org/mybatis/spring/boot/autoconfigure/MybatisAutoConfiguration.class]: Bean instantiation via factory method failed; nested exception is org.springframework.beans.BeanInstantiationException: Failed to instantiate [org.apache.ibatis.session.SqlSessionFactory]: Factory method 'sqlSessionFactory' threw exception; nested exception is org.springframework.core.NestedIOException: Failed to parse mapping resource: 'file [/Users/hw/Desktop/project/apiSample/target/classes/mapper/SweettrackerMapper.xml]'; nested exception is org.apache.ibatis.builder.BuilderException: Error parsing Mapper XML. The XML location is 'file [/Users/hw/Desktop/project/apiSample/target/classes/mapper/SweettrackerMapper.xml]'. Cause: org.apache.ibatis.builder.BuilderException: Error resolving class. Cause: org.apache.ibatis.type.TypeException: Could not resolve type alias 'AddInvoiceRequestVO'.  Cause: java.lang.ClassNotFoundException: Cannot find class: AddInvoiceRequestVO
	at org.springframework.beans.factory.support.ConstructorResolver.createArgumentArray(ConstructorResolver.java:800)
	at org.springframework.beans.factory.support.ConstructorResolver.autowireConstructor(ConstructorResolver.java:229)
	at org.springframework.beans.factory.support.AbstractAutowireCapableBeanFactory.autowireConstructor(AbstractAutowireCapableBeanFactory.java:1354)
	at org.springframework.beans.factory.support.AbstractAutowireCapableBeanFactory.createBeanInstance(AbstractAutowireCapableBeanFactory.java:1204)
	at org.springframework.beans.factory.support.AbstractAutowireCapableBeanFactory.doCreateBean(AbstractAutowireCapableBeanFactory.java:564)
	at org.springframework.beans.factory.support.AbstractAutowireCapableBeanFactory.createBean(AbstractAutowireCapableBeanFactory.java:524)
	at org.springframework.beans.factory.support.AbstractBeanFactory.lambda$doGetBean$0(AbstractBeanFactory.java:335)
	at org.springframework.beans.factory.support.DefaultSingletonBeanRegistry.getSingleton(DefaultSingletonBeanRegistry.java:234)
	at org.springframework.beans.factory.support.AbstractBeanFactory.doGetBean(AbstractBeanFactory.java:333)
	at org.springframework.beans.factory.support.AbstractBeanFactory.getBean(AbstractBeanFactory.java:208)
	at org.springframework.beans.factory.config.DependencyDescriptor.resolveCandidate(DependencyDescriptor.java:276)
	at org.springframework.beans.factory.support.DefaultListableBeanFactory.doResolveDependency(DefaultListableBeanFactory.java:1380)
	at org.springframework.beans.factory.support.DefaultListableBeanFactory.resolveDependency(DefaultListableBeanFactory.java:1300)
	at org.springframework.beans.factory.support.ConstructorResolver.resolveAutowiredArgument(ConstructorResolver.java:887)
	at org.springframework.beans.factory.support.ConstructorResolver.createArgumentArray(ConstructorResolver.java:791)
	... 19 common frames omitted
Caused by: org.springframework.beans.factory.UnsatisfiedDependencyException: Error creating bean with name 'apiSampleMapper' defined in file [/Users/hw/Desktop/project/apiSample/target/classes/com/api/sample/api/mapper/ApiSampleMapper.class]: Unsatisfied dependency expressed through bean property 'sqlSessionFactory'; nested exception is org.springframework.beans.factory.BeanCreationException: Error creating bean with name 'sqlSessionFactory' defined in class path resource [org/mybatis/spring/boot/autoconfigure/MybatisAutoConfiguration.class]: Bean instantiation via factory method failed; nested exception is org.springframework.beans.BeanInstantiationException: Failed to instantiate [org.apache.ibatis.session.SqlSessionFactory]: Factory method 'sqlSessionFactory' threw exception; nested exception is org.springframework.core.NestedIOException: Failed to parse mapping resource: 'file [/Users/hw/Desktop/project/apiSample/target/classes/mapper/SweettrackerMapper.xml]'; nested exception is org.apache.ibatis.builder.BuilderException: Error parsing Mapper XML. The XML location is 'file [/Users/hw/Desktop/project/apiSample/target/classes/mapper/SweettrackerMapper.xml]'. Cause: org.apache.ibatis.builder.BuilderException: Error resolving class. Cause: org.apache.ibatis.type.TypeException: Could not resolve type alias 'AddInvoiceRequestVO'.  Cause: java.lang.ClassNotFoundException: Cannot find class: AddInvoiceRequestVO
	at org.springframework.beans.factory.support.AbstractAutowireCapableBeanFactory.autowireByType(AbstractAutowireCapableBeanFactory.java:1516)
	at org.springframework.beans.factory.support.AbstractAutowireCapableBeanFactory.populateBean(AbstractAutowireCapableBeanFactory.java:1399)
	at org.springframework.beans.factory.support.AbstractAutowireCapableBeanFactory.doCreateBean(AbstractAutowireCapableBeanFactory.java:601)
	at org.springframework.beans.factory.support.AbstractAutowireCapableBeanFactory.createBean(AbstractAutowireCapableBeanFactory.java:524)
	at org.springframework.beans.factory.support.AbstractBeanFactory.lambda$doGetBean$0(AbstractBeanFactory.java:335)
	at org.springframework.beans.factory.support.DefaultSingletonBeanRegistry.getSingleton(DefaultSingletonBeanRegistry.java:234)
	at org.springframework.beans.factory.support.AbstractBeanFactory.doGetBean(AbstractBeanFactory.java:333)
	at org.springframework.beans.factory.support.AbstractBeanFactory.getBean(AbstractBeanFactory.java:208)
	at org.springframework.beans.factory.config.DependencyDescriptor.resolveCandidate(DependencyDescriptor.java:276)
	at org.springframework.beans.factory.support.DefaultListableBeanFactory.doResolveDependency(DefaultListableBeanFactory.java:1380)
	at org.springframework.beans.factory.support.DefaultListableBeanFactory.resolveDependency(DefaultListableBeanFactory.java:1300)
	at org.springframework.beans.factory.support.ConstructorResolver.resolveAutowiredArgument(ConstructorResolver.java:887)
	at org.springframework.beans.factory.support.ConstructorResolver.createArgumentArray(ConstructorResolver.java:791)
	... 33 common frames omitted
Caused by: org.springframework.beans.factory.BeanCreationException: Error creating bean with name 'sqlSessionFactory' defined in class path resource [org/mybatis/spring/boot/autoconfigure/MybatisAutoConfiguration.class]: Bean instantiation via factory method failed; nested exception is org.springframework.beans.BeanInstantiationException: Failed to instantiate [org.apache.ibatis.session.SqlSessionFactory]: Factory method 'sqlSessionFactory' threw exception; nested exception is org.springframework.core.NestedIOException: Failed to parse mapping resource: 'file [/Users/hw/Desktop/project/apiSample/target/classes/mapper/SweettrackerMapper.xml]'; nested exception is org.apache.ibatis.builder.BuilderException: Error parsing Mapper XML. The XML location is 'file [/Users/hw/Desktop/project/apiSample/target/classes/mapper/SweettrackerMapper.xml]'. Cause: org.apache.ibatis.builder.BuilderException: Error resolving class. Cause: org.apache.ibatis.type.TypeException: Could not resolve type alias 'AddInvoiceRequestVO'.  Cause: java.lang.ClassNotFoundException: Cannot find class: AddInvoiceRequestVO
	at org.springframework.beans.factory.support.ConstructorResolver.instantiate(ConstructorResolver.java:658)
	at org.springframework.beans.factory.support.ConstructorResolver.instantiateUsingFactoryMethod(ConstructorResolver.java:638)
	at org.springframework.beans.factory.support.AbstractAutowireCapableBeanFactory.instantiateUsingFactoryMethod(AbstractAutowireCapableBeanFactory.java:1334)
	at org.springframework.beans.factory.support.AbstractAutowireCapableBeanFactory.createBeanInstance(AbstractAutowireCapableBeanFactory.java:1177)
	at org.springframework.beans.factory.support.AbstractAutowireCapableBeanFactory.doCreateBean(AbstractAutowireCapableBeanFactory.java:564)
	at org.springframework.beans.factory.support.AbstractAutowireCapableBeanFactory.createBean(AbstractAutowireCapableBeanFactory.java:524)
	at org.springframework.beans.factory.support.AbstractBeanFactory.lambda$doGetBean$0(AbstractBeanFactory.java:335)
	at org.springframework.beans.factory.support.DefaultSingletonBeanRegistry.getSingleton(DefaultSingletonBeanRegistry.java:234)
	at org.springframework.beans.factory.support.AbstractBeanFactory.doGetBean(AbstractBeanFactory.java:333)
	at org.springframework.beans.factory.support.AbstractBeanFactory.getBean(AbstractBeanFactory.java:208)
	at org.springframework.beans.factory.config.DependencyDescriptor.resolveCandidate(DependencyDescriptor.java:276)
	at org.springframework.beans.factory.support.DefaultListableBeanFactory.doResolveDependency(DefaultListableBeanFactory.java:1380)
	at org.springframework.beans.factory.support.DefaultListableBeanFactory.resolveDependency(DefaultListableBeanFactory.java:1300)
	at org.springframework.beans.factory.support.AbstractAutowireCapableBeanFactory.autowireByType(AbstractAutowireCapableBeanFactory.java:1501)
	... 45 common frames omitted
Caused by: org.springframework.beans.BeanInstantiationException: Failed to instantiate [org.apache.ibatis.session.SqlSessionFactory]: Factory method 'sqlSessionFactory' threw exception; nested exception is org.springframework.core.NestedIOException: Failed to parse mapping resource: 'file [/Users/hw/Desktop/project/apiSample/target/classes/mapper/SweettrackerMapper.xml]'; nested exception is org.apache.ibatis.builder.BuilderException: Error parsing Mapper XML. The XML location is 'file [/Users/hw/Desktop/project/apiSample/target/classes/mapper/SweettrackerMapper.xml]'. Cause: org.apache.ibatis.builder.BuilderException: Error resolving class. Cause: org.apache.ibatis.type.TypeException: Could not resolve type alias 'AddInvoiceRequestVO'.  Cause: java.lang.ClassNotFoundException: Cannot find class: AddInvoiceRequestVO
	at org.springframework.beans.factory.support.SimpleInstantiationStrategy.instantiate(SimpleInstantiationStrategy.java:185)
	at org.springframework.beans.factory.support.ConstructorResolver.instantiate(ConstructorResolver.java:653)
	... 58 common frames omitted
Caused by: org.springframework.core.NestedIOException: Failed to parse mapping resource: 'file [/Users/hw/Desktop/project/apiSample/target/classes/mapper/SweettrackerMapper.xml]'; nested exception is org.apache.ibatis.builder.BuilderException: Error parsing Mapper XML. The XML location is 'file [/Users/hw/Desktop/project/apiSample/target/classes/mapper/SweettrackerMapper.xml]'. Cause: org.apache.ibatis.builder.BuilderException: Error resolving class. Cause: org.apache.ibatis.type.TypeException: Could not resolve type alias 'AddInvoiceRequestVO'.  Cause: java.lang.ClassNotFoundException: Cannot find class: AddInvoiceRequestVO
	at org.mybatis.spring.SqlSessionFactoryBean.buildSqlSessionFactory(SqlSessionFactoryBean.java:613)
	at org.mybatis.spring.SqlSessionFactoryBean.afterPropertiesSet(SqlSessionFactoryBean.java:491)
	at org.mybatis.spring.SqlSessionFactoryBean.getObject(SqlSessionFactoryBean.java:633)
	at org.mybatis.spring.boot.autoconfigure.MybatisAutoConfiguration.sqlSessionFactory(MybatisAutoConfiguration.java:179)
	at org.mybatis.spring.boot.autoconfigure.MybatisAutoConfiguration$$EnhancerBySpringCGLIB$$add016fd.CGLIB$sqlSessionFactory$1(<generated>)
	at org.mybatis.spring.boot.autoconfigure.MybatisAutoConfiguration$$EnhancerBySpringCGLIB$$add016fd$$FastClassBySpringCGLIB$$828c8000.invoke(<generated>)
	at org.springframework.cglib.proxy.MethodProxy.invokeSuper(MethodProxy.java:244)
	at org.springframework.context.annotation.ConfigurationClassEnhancer$BeanMethodInterceptor.intercept(ConfigurationClassEnhancer.java:331)
	at org.mybatis.spring.boot.autoconfigure.MybatisAutoConfiguration$$EnhancerBySpringCGLIB$$add016fd.sqlSessionFactory(<generated>)
	at sun.reflect.NativeMethodAccessorImpl.invoke0(Native Method)
	at sun.reflect.NativeMethodAccessorImpl.invoke(NativeMethodAccessorImpl.java:62)
	at sun.reflect.DelegatingMethodAccessorImpl.invoke(DelegatingMethodAccessorImpl.java:43)
	at java.lang.reflect.Method.invoke(Method.java:498)
	at org.springframework.beans.factory.support.SimpleInstantiationStrategy.instantiate(SimpleInstantiationStrategy.java:154)
	... 59 common frames omitted
Caused by: org.apache.ibatis.builder.BuilderException: Error parsing Mapper XML. The XML location is 'file [/Users/hw/Desktop/project/apiSample/target/classes/mapper/SweettrackerMapper.xml]'. Cause: org.apache.ibatis.builder.BuilderException: Error resolving class. Cause: org.apache.ibatis.type.TypeException: Could not resolve type alias 'AddInvoiceRequestVO'.  Cause: java.lang.ClassNotFoundException: Cannot find class: AddInvoiceRequestVO
	at org.apache.ibatis.builder.xml.XMLMapperBuilder.configurationElement(XMLMapperBuilder.java:123)
	at org.apache.ibatis.builder.xml.XMLMapperBuilder.parse(XMLMapperBuilder.java:95)
	at org.mybatis.spring.SqlSessionFactoryBean.buildSqlSessionFactory(SqlSessionFactoryBean.java:611)
	... 72 common frames omitted
Caused by: org.apache.ibatis.builder.BuilderException: Error resolving class. Cause: org.apache.ibatis.type.TypeException: Could not resolve type alias 'AddInvoiceRequestVO'.  Cause: java.lang.ClassNotFoundException: Cannot find class: AddInvoiceRequestVO
	at org.apache.ibatis.builder.BaseBuilder.resolveClass(BaseBuilder.java:118)
	at org.apache.ibatis.builder.xml.XMLStatementBuilder.parseStatementNode(XMLStatementBuilder.java:76)
	at org.apache.ibatis.builder.xml.XMLMapperBuilder.buildStatementFromContext(XMLMapperBuilder.java:138)
	at org.apache.ibatis.builder.xml.XMLMapperBuilder.buildStatementFromContext(XMLMapperBuilder.java:131)
	at org.apache.ibatis.builder.xml.XMLMapperBuilder.configurationElement(XMLMapperBuilder.java:121)
	... 74 common frames omitted
Caused by: org.apache.ibatis.type.TypeException: Could not resolve type alias 'AddInvoiceRequestVO'.  Cause: java.lang.ClassNotFoundException: Cannot find class: AddInvoiceRequestVO
	at org.apache.ibatis.type.TypeAliasRegistry.resolveAlias(TypeAliasRegistry.java:120)
	at org.apache.ibatis.builder.BaseBuilder.resolveAlias(BaseBuilder.java:149)
	at org.apache.ibatis.builder.BaseBuilder.resolveClass(BaseBuilder.java:116)
	... 78 common frames omitted
Caused by: java.lang.ClassNotFoundException: Cannot find class: AddInvoiceRequestVO
	at org.apache.ibatis.io.ClassLoaderWrapper.classForName(ClassLoaderWrapper.java:196)
	at org.apache.ibatis.io.ClassLoaderWrapper.classForName(ClassLoaderWrapper.java:89)
	at org.apache.ibatis.io.Resources.classForName(Resources.java:261)
	at org.apache.ibatis.type.TypeAliasRegistry.resolveAlias(TypeAliasRegistry.java:116)
	... 80 common frames omitted
[LOCAL] [2022-04-22 20:52:05.840] [INFO ] [org.hibernate.validator.internal.util.Version.<clinit>:line-21] - HV000001: Hibernate Validator 6.2.0.Final
[LOCAL] [2022-04-22 20:52:05.856] [INFO ] [com.api.sample.SampleApplication.logStarting:line-55] - Starting SampleApplication using Java 1.8.0_311 on ihyeong-won-ui-MacBookPro.local with PID 23317 (/Users/hw/Desktop/project/apiSample/target/classes started by hw in /Users/hw/Desktop/project/apiSample)
[LOCAL] [2022-04-22 20:52:05.857] [INFO ] [com.api.sample.SampleApplication.logStartupProfileInfo:line-659] - No active profile set, falling back to default profiles: default
[LOCAL] [2022-04-22 20:52:06.965] [INFO ] [org.springframework.cloud.context.scope.GenericScope.setSerializationId:line-283] - BeanFactory id=215a5900-846d-3560-9269-05f528822c83
[LOCAL] [2022-04-22 20:52:07.075] [INFO ] [com.ulisesbocchio.jasyptspringboot.configuration.EnableEncryptablePropertiesBeanFactoryPostProcessor.postProcessBeanFactory:line-39] - Post-processing PropertySource instances
[LOCAL] [2022-04-22 20:52:07.102] [INFO ] [com.ulisesbocchio.jasyptspringboot.EncryptablePropertySourceConverter.makeEncryptable:line-56] - Converting PropertySource configurationProperties [org.springframework.boot.context.properties.source.ConfigurationPropertySourcesPropertySource] to AOP Proxy
[LOCAL] [2022-04-22 20:52:07.103] [INFO ] [com.ulisesbocchio.jasyptspringboot.EncryptablePropertySourceConverter.makeEncryptable:line-56] - Converting PropertySource servletConfigInitParams [org.springframework.core.env.PropertySource$StubPropertySource] to EncryptablePropertySourceWrapper
[LOCAL] [2022-04-22 20:52:07.103] [INFO ] [com.ulisesbocchio.jasyptspringboot.EncryptablePropertySourceConverter.makeEncryptable:line-56] - Converting PropertySource servletContextInitParams [org.springframework.core.env.PropertySource$StubPropertySource] to EncryptablePropertySourceWrapper
[LOCAL] [2022-04-22 20:52:07.103] [INFO ] [com.ulisesbocchio.jasyptspringboot.EncryptablePropertySourceConverter.makeEncryptable:line-56] - Converting PropertySource systemProperties [org.springframework.core.env.PropertiesPropertySource] to EncryptableMapPropertySourceWrapper
[LOCAL] [2022-04-22 20:52:07.104] [INFO ] [com.ulisesbocchio.jasyptspringboot.EncryptablePropertySourceConverter.makeEncryptable:line-56] - Converting PropertySource systemEnvironment [org.springframework.boot.env.SystemEnvironmentPropertySourceEnvironmentPostProcessor$OriginAwareSystemEnvironmentPropertySource] to EncryptableSystemEnvironmentPropertySourceWrapper
[LOCAL] [2022-04-22 20:52:07.104] [INFO ] [com.ulisesbocchio.jasyptspringboot.EncryptablePropertySourceConverter.makeEncryptable:line-56] - Converting PropertySource random [org.springframework.boot.env.RandomValuePropertySource] to EncryptablePropertySourceWrapper
[LOCAL] [2022-04-22 20:52:07.104] [INFO ] [com.ulisesbocchio.jasyptspringboot.EncryptablePropertySourceConverter.makeEncryptable:line-56] - Converting PropertySource cachedrandom [org.springframework.cloud.util.random.CachedRandomPropertySource] to EncryptablePropertySourceWrapper
[LOCAL] [2022-04-22 20:52:07.104] [INFO ] [com.ulisesbocchio.jasyptspringboot.EncryptablePropertySourceConverter.makeEncryptable:line-56] - Converting PropertySource springCloudClientHostInfo [org.springframework.core.env.MapPropertySource] to EncryptableMapPropertySourceWrapper
[LOCAL] [2022-04-22 20:52:07.104] [INFO ] [com.ulisesbocchio.jasyptspringboot.EncryptablePropertySourceConverter.makeEncryptable:line-56] - Converting PropertySource Config resource 'class path resource [application.yml]' via location 'optional:classpath:/' [org.springframework.boot.env.OriginTrackedMapPropertySource] to EncryptableMapPropertySourceWrapper
[LOCAL] [2022-04-22 20:52:07.181] [INFO ] [com.ulisesbocchio.jasyptspringboot.filter.DefaultLazyPropertyFilter.lambda$null$2:line-31] - Property Filter custom Bean not found with name 'encryptablePropertyFilter'. Initializing Default Property Filter
[LOCAL] [2022-04-22 20:52:07.213] [INFO ] [org.springframework.context.support.PostProcessorRegistrationDelegate$BeanPostProcessorChecker.postProcessAfterInitialization:line-376] - Bean 'org.springframework.ws.config.annotation.DelegatingWsConfiguration' of type [org.springframework.ws.config.annotation.DelegatingWsConfiguration$$EnhancerBySpringCGLIB$$68a81bae] is not eligible for getting processed by all BeanPostProcessors (for example: not eligible for auto-proxying)
[LOCAL] [2022-04-22 20:52:07.241] [INFO ] [org.springframework.ws.soap.addressing.server.AnnotationActionEndpointMapping.afterPropertiesSet:line-239] - Supporting [WS-Addressing August 2004, WS-Addressing 1.0]
[LOCAL] [2022-04-22 20:52:07.427] [INFO ] [com.ulisesbocchio.jasyptspringboot.resolver.DefaultLazyPropertyResolver.lambda$null$2:line-35] - Property Resolver custom Bean not found with name 'encryptablePropertyResolver'. Initializing Default Property Resolver
[LOCAL] [2022-04-22 20:52:07.433] [INFO ] [com.ulisesbocchio.jasyptspringboot.detector.DefaultLazyPropertyDetector.lambda$null$2:line-35] - Property Detector custom Bean not found with name 'encryptablePropertyDetector'. Initializing Default Property Detector
[LOCAL] [2022-04-22 20:52:07.760] [INFO ] [org.springframework.boot.web.embedded.tomcat.TomcatWebServer.initialize:line-108] - Tomcat initialized with port(s): 8080 (http)
[LOCAL] [2022-04-22 20:52:07.769] [INFO ] [org.apache.coyote.http11.Http11NioProtocol.log:line-173] - Initializing ProtocolHandler ["http-nio-8080"]
[LOCAL] [2022-04-22 20:52:07.770] [INFO ] [org.apache.catalina.core.StandardService.log:line-173] - Starting service [Tomcat]
[LOCAL] [2022-04-22 20:52:07.770] [INFO ] [org.apache.catalina.core.StandardEngine.log:line-173] - Starting Servlet engine: [Apache Tomcat/9.0.52]
[LOCAL] [2022-04-22 20:52:07.847] [INFO ] [org.apache.catalina.core.ContainerBase.[Tomcat].[localhost].[/].log:line-173] - Initializing Spring embedded WebApplicationContext
[LOCAL] [2022-04-22 20:52:07.848] [INFO ] [org.springframework.boot.web.servlet.context.ServletWebServerApplicationContext.prepareWebApplicationContext:line-290] - Root WebApplicationContext: initialization completed in 1938 ms
[LOCAL] [2022-04-22 20:52:07.945] [INFO ] [com.api.sample.config.ApiFilter.init:line-19] - =====================Filter TEST  : init ApiFilter=====================
[LOCAL] [2022-04-22 20:52:08.359] [INFO ] [com.ulisesbocchio.jasyptspringboot.encryptor.DefaultLazyEncryptor.lambda$null$1:line-32] - Found Custom Encryptor Bean org.jasypt.encryption.pbe.PooledPBEStringEncryptor@6629643d with name: jasyptStringEncryptor
[LOCAL] [2022-04-22 20:52:09.503] [INFO ] [org.apache.coyote.http11.Http11NioProtocol.log:line-173] - Starting ProtocolHandler ["http-nio-8080"]
[LOCAL] [2022-04-22 20:52:09.514] [WARN ] [org.springframework.boot.web.servlet.context.AnnotationConfigServletWebServerApplicationContext.refresh:line-591] - Exception encountered during context initialization - cancelling refresh attempt: org.springframework.context.ApplicationContextException: Failed to start bean 'webServerStartStop'; nested exception is org.springframework.boot.web.server.PortInUseException: Port 8080 is already in use
[LOCAL] [2022-04-22 20:52:09.523] [INFO ] [org.apache.coyote.http11.Http11NioProtocol.log:line-173] - Pausing ProtocolHandler ["http-nio-8080"]
[LOCAL] [2022-04-22 20:52:09.523] [INFO ] [org.apache.catalina.core.StandardService.log:line-173] - Stopping service [Tomcat]
[LOCAL] [2022-04-22 20:52:09.524] [INFO ] [com.api.sample.config.ApiFilter.destroy:line-32] - =====================Filter TEST  : destroy ApiFilter=====================
[LOCAL] [2022-04-22 20:52:09.529] [INFO ] [org.apache.coyote.http11.Http11NioProtocol.log:line-173] - Stopping ProtocolHandler ["http-nio-8080"]
[LOCAL] [2022-04-22 20:52:09.529] [INFO ] [org.apache.coyote.http11.Http11NioProtocol.log:line-173] - Destroying ProtocolHandler ["http-nio-8080"]
[LOCAL] [2022-04-22 20:52:09.539] [INFO ] [org.springframework.boot.autoconfigure.logging.ConditionEvaluationReportLoggingListener.logMessage:line-136] - 

Error starting ApplicationContext. To display the conditions report re-run your application with 'debug' enabled.
[LOCAL] [2022-04-22 20:52:09.548] [ERROR] [org.springframework.boot.diagnostics.LoggingFailureAnalysisReporter.report:line-40] - 

***************************
APPLICATION FAILED TO START
***************************

Description:

Web server failed to start. Port 8080 was already in use.

Action:

Identify and stop the process that's listening on port 8080 or configure this application to listen on another port.

[LOCAL] [2022-04-22 20:52:24.780] [INFO ] [org.hibernate.validator.internal.util.Version.<clinit>:line-21] - HV000001: Hibernate Validator 6.2.0.Final
[LOCAL] [2022-04-22 20:52:24.800] [INFO ] [com.api.sample.SampleApplication.logStarting:line-55] - Starting SampleApplication using Java 1.8.0_311 on ihyeong-won-ui-MacBookPro.local with PID 23334 (/Users/hw/Desktop/project/apiSample/target/classes started by hw in /Users/hw/Desktop/project/apiSample)
[LOCAL] [2022-04-22 20:52:24.801] [INFO ] [com.api.sample.SampleApplication.logStartupProfileInfo:line-659] - No active profile set, falling back to default profiles: default
[LOCAL] [2022-04-22 20:52:25.935] [INFO ] [org.springframework.cloud.context.scope.GenericScope.setSerializationId:line-283] - BeanFactory id=215a5900-846d-3560-9269-05f528822c83
[LOCAL] [2022-04-22 20:52:26.060] [INFO ] [com.ulisesbocchio.jasyptspringboot.configuration.EnableEncryptablePropertiesBeanFactoryPostProcessor.postProcessBeanFactory:line-39] - Post-processing PropertySource instances
[LOCAL] [2022-04-22 20:52:26.093] [INFO ] [com.ulisesbocchio.jasyptspringboot.EncryptablePropertySourceConverter.makeEncryptable:line-56] - Converting PropertySource configurationProperties [org.springframework.boot.context.properties.source.ConfigurationPropertySourcesPropertySource] to AOP Proxy
[LOCAL] [2022-04-22 20:52:26.094] [INFO ] [com.ulisesbocchio.jasyptspringboot.EncryptablePropertySourceConverter.makeEncryptable:line-56] - Converting PropertySource servletConfigInitParams [org.springframework.core.env.PropertySource$StubPropertySource] to EncryptablePropertySourceWrapper
[LOCAL] [2022-04-22 20:52:26.094] [INFO ] [com.ulisesbocchio.jasyptspringboot.EncryptablePropertySourceConverter.makeEncryptable:line-56] - Converting PropertySource servletContextInitParams [org.springframework.core.env.PropertySource$StubPropertySource] to EncryptablePropertySourceWrapper
[LOCAL] [2022-04-22 20:52:26.095] [INFO ] [com.ulisesbocchio.jasyptspringboot.EncryptablePropertySourceConverter.makeEncryptable:line-56] - Converting PropertySource systemProperties [org.springframework.core.env.PropertiesPropertySource] to EncryptableMapPropertySourceWrapper
[LOCAL] [2022-04-22 20:52:26.095] [INFO ] [com.ulisesbocchio.jasyptspringboot.EncryptablePropertySourceConverter.makeEncryptable:line-56] - Converting PropertySource systemEnvironment [org.springframework.boot.env.SystemEnvironmentPropertySourceEnvironmentPostProcessor$OriginAwareSystemEnvironmentPropertySource] to EncryptableSystemEnvironmentPropertySourceWrapper
[LOCAL] [2022-04-22 20:52:26.095] [INFO ] [com.ulisesbocchio.jasyptspringboot.EncryptablePropertySourceConverter.makeEncryptable:line-56] - Converting PropertySource random [org.springframework.boot.env.RandomValuePropertySource] to EncryptablePropertySourceWrapper
[LOCAL] [2022-04-22 20:52:26.095] [INFO ] [com.ulisesbocchio.jasyptspringboot.EncryptablePropertySourceConverter.makeEncryptable:line-56] - Converting PropertySource cachedrandom [org.springframework.cloud.util.random.CachedRandomPropertySource] to EncryptablePropertySourceWrapper
[LOCAL] [2022-04-22 20:52:26.095] [INFO ] [com.ulisesbocchio.jasyptspringboot.EncryptablePropertySourceConverter.makeEncryptable:line-56] - Converting PropertySource springCloudClientHostInfo [org.springframework.core.env.MapPropertySource] to EncryptableMapPropertySourceWrapper
[LOCAL] [2022-04-22 20:52:26.095] [INFO ] [com.ulisesbocchio.jasyptspringboot.EncryptablePropertySourceConverter.makeEncryptable:line-56] - Converting PropertySource Config resource 'class path resource [application.yml]' via location 'optional:classpath:/' [org.springframework.boot.env.OriginTrackedMapPropertySource] to EncryptableMapPropertySourceWrapper
[LOCAL] [2022-04-22 20:52:26.178] [INFO ] [com.ulisesbocchio.jasyptspringboot.filter.DefaultLazyPropertyFilter.lambda$null$2:line-31] - Property Filter custom Bean not found with name 'encryptablePropertyFilter'. Initializing Default Property Filter
[LOCAL] [2022-04-22 20:52:26.215] [INFO ] [org.springframework.context.support.PostProcessorRegistrationDelegate$BeanPostProcessorChecker.postProcessAfterInitialization:line-376] - Bean 'org.springframework.ws.config.annotation.DelegatingWsConfiguration' of type [org.springframework.ws.config.annotation.DelegatingWsConfiguration$$EnhancerBySpringCGLIB$$b12bbb91] is not eligible for getting processed by all BeanPostProcessors (for example: not eligible for auto-proxying)
[LOCAL] [2022-04-22 20:52:26.241] [INFO ] [org.springframework.ws.soap.addressing.server.AnnotationActionEndpointMapping.afterPropertiesSet:line-239] - Supporting [WS-Addressing August 2004, WS-Addressing 1.0]
[LOCAL] [2022-04-22 20:52:26.462] [INFO ] [com.ulisesbocchio.jasyptspringboot.resolver.DefaultLazyPropertyResolver.lambda$null$2:line-35] - Property Resolver custom Bean not found with name 'encryptablePropertyResolver'. Initializing Default Property Resolver
[LOCAL] [2022-04-22 20:52:26.468] [INFO ] [com.ulisesbocchio.jasyptspringboot.detector.DefaultLazyPropertyDetector.lambda$null$2:line-35] - Property Detector custom Bean not found with name 'encryptablePropertyDetector'. Initializing Default Property Detector
[LOCAL] [2022-04-22 20:52:26.798] [INFO ] [org.springframework.boot.web.embedded.tomcat.TomcatWebServer.initialize:line-108] - Tomcat initialized with port(s): 8080 (http)
[LOCAL] [2022-04-22 20:52:26.807] [INFO ] [org.apache.coyote.http11.Http11NioProtocol.log:line-173] - Initializing ProtocolHandler ["http-nio-8080"]
[LOCAL] [2022-04-22 20:52:26.808] [INFO ] [org.apache.catalina.core.StandardService.log:line-173] - Starting service [Tomcat]
[LOCAL] [2022-04-22 20:52:26.808] [INFO ] [org.apache.catalina.core.StandardEngine.log:line-173] - Starting Servlet engine: [Apache Tomcat/9.0.52]
[LOCAL] [2022-04-22 20:52:26.886] [INFO ] [org.apache.catalina.core.ContainerBase.[Tomcat].[localhost].[/].log:line-173] - Initializing Spring embedded WebApplicationContext
[LOCAL] [2022-04-22 20:52:26.887] [INFO ] [org.springframework.boot.web.servlet.context.ServletWebServerApplicationContext.prepareWebApplicationContext:line-290] - Root WebApplicationContext: initialization completed in 2007 ms
[LOCAL] [2022-04-22 20:52:26.991] [INFO ] [com.api.sample.config.ApiFilter.init:line-19] - =====================Filter TEST  : init ApiFilter=====================
[LOCAL] [2022-04-22 20:52:27.415] [INFO ] [com.ulisesbocchio.jasyptspringboot.encryptor.DefaultLazyEncryptor.lambda$null$1:line-32] - Found Custom Encryptor Bean org.jasypt.encryption.pbe.PooledPBEStringEncryptor@7b9088f2 with name: jasyptStringEncryptor
[LOCAL] [2022-04-22 20:52:28.375] [INFO ] [org.apache.coyote.http11.Http11NioProtocol.log:line-173] - Starting ProtocolHandler ["http-nio-8080"]
[LOCAL] [2022-04-22 20:52:28.391] [INFO ] [org.springframework.boot.web.embedded.tomcat.TomcatWebServer.start:line-220] - Tomcat started on port(s): 8080 (http) with context path ''
[LOCAL] [2022-04-22 20:52:28.403] [INFO ] [com.api.sample.SampleApplication.logStarted:line-61] - Started SampleApplication in 4.196 seconds (JVM running for 4.782)
[LOCAL] [2022-04-22 20:54:36.672] [INFO ] [org.apache.catalina.core.ContainerBase.[Tomcat].[localhost].[/].log:line-173] - Initializing Spring DispatcherServlet 'dispatcherServlet'
[LOCAL] [2022-04-22 20:54:36.675] [INFO ] [org.springframework.web.servlet.DispatcherServlet.initServletBean:line-525] - Initializing Servlet 'dispatcherServlet'
[LOCAL] [2022-04-22 20:54:36.681] [INFO ] [org.springframework.web.servlet.DispatcherServlet.initServletBean:line-547] - Completed initialization in 6 ms
[LOCAL] [2022-04-22 20:54:36.687] [INFO ] [com.api.sample.config.ApiFilter.doFilter:line-24] - =====================Filter TEST  : doFilter=====================
[LOCAL] [2022-04-22 20:54:36.688] [INFO ] [com.api.sample.config.ApiFilter.doFilter:line-25] - doFilter ApiFilter, uri : /test/lucy
[LOCAL] [2022-04-22 20:54:36.688] [INFO ] [com.api.sample.config.ApiFilter.doFilter:line-26] - =====================Filter TEST  : doFilter=====================
[LOCAL] [2022-04-22 20:54:36.758] [INFO ] [com.api.sample.api.controller.ApiTestController.testLucy:line-92] - SampleVO: SampleVO(sampleId=14214, sampleNm=seklfsdjlg, no=1)
[LOCAL] [2022-04-22 20:54:42.110] [INFO ] [com.api.sample.config.ApiFilter.doFilter:line-24] - =====================Filter TEST  : doFilter=====================
[LOCAL] [2022-04-22 20:54:42.113] [INFO ] [com.api.sample.config.ApiFilter.doFilter:line-25] - doFilter ApiFilter, uri : /getDate
[LOCAL] [2022-04-22 20:54:42.113] [INFO ] [com.api.sample.config.ApiFilter.doFilter:line-26] - =====================Filter TEST  : doFilter=====================
[LOCAL] [2022-04-22 20:54:42.184] [INFO ] [com.zaxxer.hikari.HikariDataSource.getConnection:line-110] - HikariPool-1 - Starting...
[LOCAL] [2022-04-22 20:54:42.323] [INFO ] [com.zaxxer.hikari.HikariDataSource.getConnection:line-123] - HikariPool-1 - Start completed.
[LOCAL] [2022-04-22 20:54:42.348] [DEBUG] [jdbc.sqltiming.sqlTimingOccurred:line-368] -  com.zaxxer.hikari.pool.ProxyPreparedStatement.execute(ProxyPreparedStatement.java:44)
1. /* ApiSampleMapper.getDate */
        SELECT
            now()
        FROM dual
        WHERE 1 = 1
 {executed in 9 msec}
[LOCAL] [2022-04-22 20:54:42.371] [INFO ] [jdbc.resultsettable.resultSetCollected:line-610] - 
|--------------------|
|now()               |
|--------------------|
|2022-04-22 20:54:42 |
|--------------------|

[LOCAL] [2022-04-22 20:54:42.388] [INFO ] [com.api.sample.api.controller.ApiTestController.getDate:line-81] - now: 2022-04-22 20:54:42
[LOCAL] [2022-04-22 21:05:06.401] [INFO ] [com.api.sample.config.ApiFilter.destroy:line-32] - =====================Filter TEST  : destroy ApiFilter=====================
[LOCAL] [2022-04-22 21:05:06.419] [INFO ] [com.zaxxer.hikari.HikariDataSource.close:line-350] - HikariPool-1 - Shutdown initiated...
[LOCAL] [2022-04-22 21:05:06.430] [INFO ] [com.zaxxer.hikari.HikariDataSource.close:line-352] - HikariPool-1 - Shutdown completed.
[LOCAL] [2022-04-22 21:05:16.073] [INFO ] [org.hibernate.validator.internal.util.Version.<clinit>:line-21] - HV000001: Hibernate Validator 6.2.0.Final
[LOCAL] [2022-04-22 21:05:16.093] [INFO ] [com.api.sample.SampleApplication.logStarting:line-55] - Starting SampleApplication using Java 1.8.0_311 on ihyeong-won-ui-MacBookPro.local with PID 23761 (/Users/hw/Desktop/project/apiSample/target/classes started by hw in /Users/hw/Desktop/project/apiSample)
[LOCAL] [2022-04-22 21:05:16.094] [INFO ] [com.api.sample.SampleApplication.logStartupProfileInfo:line-659] - No active profile set, falling back to default profiles: default
[LOCAL] [2022-04-22 21:05:17.300] [INFO ] [org.springframework.cloud.context.scope.GenericScope.setSerializationId:line-283] - BeanFactory id=ee4b6252-05e6-39a4-9fdb-d7460862c13b
[LOCAL] [2022-04-22 21:05:17.405] [INFO ] [com.ulisesbocchio.jasyptspringboot.configuration.EnableEncryptablePropertiesBeanFactoryPostProcessor.postProcessBeanFactory:line-39] - Post-processing PropertySource instances
[LOCAL] [2022-04-22 21:05:17.437] [INFO ] [com.ulisesbocchio.jasyptspringboot.EncryptablePropertySourceConverter.makeEncryptable:line-56] - Converting PropertySource configurationProperties [org.springframework.boot.context.properties.source.ConfigurationPropertySourcesPropertySource] to AOP Proxy
[LOCAL] [2022-04-22 21:05:17.438] [INFO ] [com.ulisesbocchio.jasyptspringboot.EncryptablePropertySourceConverter.makeEncryptable:line-56] - Converting PropertySource servletConfigInitParams [org.springframework.core.env.PropertySource$StubPropertySource] to EncryptablePropertySourceWrapper
[LOCAL] [2022-04-22 21:05:17.438] [INFO ] [com.ulisesbocchio.jasyptspringboot.EncryptablePropertySourceConverter.makeEncryptable:line-56] - Converting PropertySource servletContextInitParams [org.springframework.core.env.PropertySource$StubPropertySource] to EncryptablePropertySourceWrapper
[LOCAL] [2022-04-22 21:05:17.438] [INFO ] [com.ulisesbocchio.jasyptspringboot.EncryptablePropertySourceConverter.makeEncryptable:line-56] - Converting PropertySource systemProperties [org.springframework.core.env.PropertiesPropertySource] to EncryptableMapPropertySourceWrapper
[LOCAL] [2022-04-22 21:05:17.439] [INFO ] [com.ulisesbocchio.jasyptspringboot.EncryptablePropertySourceConverter.makeEncryptable:line-56] - Converting PropertySource systemEnvironment [org.springframework.boot.env.SystemEnvironmentPropertySourceEnvironmentPostProcessor$OriginAwareSystemEnvironmentPropertySource] to EncryptableSystemEnvironmentPropertySourceWrapper
[LOCAL] [2022-04-22 21:05:17.439] [INFO ] [com.ulisesbocchio.jasyptspringboot.EncryptablePropertySourceConverter.makeEncryptable:line-56] - Converting PropertySource random [org.springframework.boot.env.RandomValuePropertySource] to EncryptablePropertySourceWrapper
[LOCAL] [2022-04-22 21:05:17.439] [INFO ] [com.ulisesbocchio.jasyptspringboot.EncryptablePropertySourceConverter.makeEncryptable:line-56] - Converting PropertySource cachedrandom [org.springframework.cloud.util.random.CachedRandomPropertySource] to EncryptablePropertySourceWrapper
[LOCAL] [2022-04-22 21:05:17.439] [INFO ] [com.ulisesbocchio.jasyptspringboot.EncryptablePropertySourceConverter.makeEncryptable:line-56] - Converting PropertySource springCloudClientHostInfo [org.springframework.core.env.MapPropertySource] to EncryptableMapPropertySourceWrapper
[LOCAL] [2022-04-22 21:05:17.439] [INFO ] [com.ulisesbocchio.jasyptspringboot.EncryptablePropertySourceConverter.makeEncryptable:line-56] - Converting PropertySource Config resource 'class path resource [application.yml]' via location 'optional:classpath:/' [org.springframework.boot.env.OriginTrackedMapPropertySource] to EncryptableMapPropertySourceWrapper
[LOCAL] [2022-04-22 21:05:17.503] [INFO ] [com.ulisesbocchio.jasyptspringboot.filter.DefaultLazyPropertyFilter.lambda$null$2:line-31] - Property Filter custom Bean not found with name 'encryptablePropertyFilter'. Initializing Default Property Filter
[LOCAL] [2022-04-22 21:05:17.543] [INFO ] [org.springframework.context.support.PostProcessorRegistrationDelegate$BeanPostProcessorChecker.postProcessAfterInitialization:line-376] - Bean 'org.springframework.ws.config.annotation.DelegatingWsConfiguration' of type [org.springframework.ws.config.annotation.DelegatingWsConfiguration$$EnhancerBySpringCGLIB$$fe3faea4] is not eligible for getting processed by all BeanPostProcessors (for example: not eligible for auto-proxying)
[LOCAL] [2022-04-22 21:05:17.572] [INFO ] [org.springframework.ws.soap.addressing.server.AnnotationActionEndpointMapping.afterPropertiesSet:line-239] - Supporting [WS-Addressing August 2004, WS-Addressing 1.0]
[LOCAL] [2022-04-22 21:05:17.763] [INFO ] [com.ulisesbocchio.jasyptspringboot.resolver.DefaultLazyPropertyResolver.lambda$null$2:line-35] - Property Resolver custom Bean not found with name 'encryptablePropertyResolver'. Initializing Default Property Resolver
[LOCAL] [2022-04-22 21:05:17.769] [INFO ] [com.ulisesbocchio.jasyptspringboot.detector.DefaultLazyPropertyDetector.lambda$null$2:line-35] - Property Detector custom Bean not found with name 'encryptablePropertyDetector'. Initializing Default Property Detector
[LOCAL] [2022-04-22 21:05:18.101] [INFO ] [org.springframework.boot.web.embedded.tomcat.TomcatWebServer.initialize:line-108] - Tomcat initialized with port(s): 8080 (http)
[LOCAL] [2022-04-22 21:05:18.109] [INFO ] [org.apache.coyote.http11.Http11NioProtocol.log:line-173] - Initializing ProtocolHandler ["http-nio-8080"]
[LOCAL] [2022-04-22 21:05:18.110] [INFO ] [org.apache.catalina.core.StandardService.log:line-173] - Starting service [Tomcat]
[LOCAL] [2022-04-22 21:05:18.110] [INFO ] [org.apache.catalina.core.StandardEngine.log:line-173] - Starting Servlet engine: [Apache Tomcat/9.0.52]
[LOCAL] [2022-04-22 21:05:18.185] [INFO ] [org.apache.catalina.core.ContainerBase.[Tomcat].[localhost].[/].log:line-173] - Initializing Spring embedded WebApplicationContext
[LOCAL] [2022-04-22 21:05:18.186] [INFO ] [org.springframework.boot.web.servlet.context.ServletWebServerApplicationContext.prepareWebApplicationContext:line-290] - Root WebApplicationContext: initialization completed in 2020 ms
[LOCAL] [2022-04-22 21:05:18.298] [INFO ] [com.api.sample.config.ApiFilter.init:line-19] - =====================Filter TEST  : init ApiFilter=====================
[LOCAL] [2022-04-22 21:05:18.739] [INFO ] [com.ulisesbocchio.jasyptspringboot.encryptor.DefaultLazyEncryptor.lambda$null$1:line-32] - Found Custom Encryptor Bean org.jasypt.encryption.pbe.PooledPBEStringEncryptor@138f0661 with name: jasyptStringEncryptor
[LOCAL] [2022-04-22 21:05:19.024] [WARN ] [org.springframework.boot.web.servlet.context.AnnotationConfigServletWebServerApplicationContext.refresh:line-591] - Exception encountered during context initialization - cancelling refresh attempt: org.springframework.beans.factory.UnsatisfiedDependencyException: Error creating bean with name 'apiTestController' defined in file [/Users/hw/Desktop/project/apiSample/target/classes/com/api/sample/api/controller/ApiTestController.class]: Unsatisfied dependency expressed through constructor parameter 1; nested exception is org.springframework.beans.factory.UnsatisfiedDependencyException: Error creating bean with name 'apiSampleService' defined in file [/Users/hw/Desktop/project/apiSample/target/classes/com/api/sample/api/service/ApiSampleService.class]: Unsatisfied dependency expressed through constructor parameter 0; nested exception is org.springframework.beans.factory.UnsatisfiedDependencyException: Error creating bean with name 'apiSampleMapper' defined in file [/Users/hw/Desktop/project/apiSample/target/classes/com/api/sample/api/mapper/ApiSampleMapper.class]: Unsatisfied dependency expressed through bean property 'sqlSessionFactory'; nested exception is org.springframework.beans.factory.BeanCreationException: Error creating bean with name 'sqlSessionFactory' defined in class path resource [org/mybatis/spring/boot/autoconfigure/MybatisAutoConfiguration.class]: Bean instantiation via factory method failed; nested exception is org.springframework.beans.BeanInstantiationException: Failed to instantiate [org.apache.ibatis.session.SqlSessionFactory]: Factory method 'sqlSessionFactory' threw exception; nested exception is org.springframework.core.NestedIOException: Failed to parse mapping resource: 'file [/Users/hw/Desktop/project/apiSample/target/classes/mapper/SweettrackerMapper.xml]'; nested exception is org.apache.ibatis.builder.BuilderException: Error creating document instance.  Cause: org.xml.sax.SAXParseException; lineNumber: 50; columnNumber: 3;   "insert"()     "</insert>"()  .
[LOCAL] [2022-04-22 21:05:19.030] [INFO ] [org.apache.catalina.core.StandardService.log:line-173] - Stopping service [Tomcat]
[LOCAL] [2022-04-22 21:05:19.031] [INFO ] [com.api.sample.config.ApiFilter.destroy:line-32] - =====================Filter TEST  : destroy ApiFilter=====================
[LOCAL] [2022-04-22 21:05:19.043] [INFO ] [org.springframework.boot.autoconfigure.logging.ConditionEvaluationReportLoggingListener.logMessage:line-136] - 

Error starting ApplicationContext. To display the conditions report re-run your application with 'debug' enabled.
[LOCAL] [2022-04-22 21:05:19.059] [ERROR] [org.springframework.boot.SpringApplication.reportFailure:line-843] - Application run failed
org.springframework.beans.factory.UnsatisfiedDependencyException: Error creating bean with name 'apiTestController' defined in file [/Users/hw/Desktop/project/apiSample/target/classes/com/api/sample/api/controller/ApiTestController.class]: Unsatisfied dependency expressed through constructor parameter 1; nested exception is org.springframework.beans.factory.UnsatisfiedDependencyException: Error creating bean with name 'apiSampleService' defined in file [/Users/hw/Desktop/project/apiSample/target/classes/com/api/sample/api/service/ApiSampleService.class]: Unsatisfied dependency expressed through constructor parameter 0; nested exception is org.springframework.beans.factory.UnsatisfiedDependencyException: Error creating bean with name 'apiSampleMapper' defined in file [/Users/hw/Desktop/project/apiSample/target/classes/com/api/sample/api/mapper/ApiSampleMapper.class]: Unsatisfied dependency expressed through bean property 'sqlSessionFactory'; nested exception is org.springframework.beans.factory.BeanCreationException: Error creating bean with name 'sqlSessionFactory' defined in class path resource [org/mybatis/spring/boot/autoconfigure/MybatisAutoConfiguration.class]: Bean instantiation via factory method failed; nested exception is org.springframework.beans.BeanInstantiationException: Failed to instantiate [org.apache.ibatis.session.SqlSessionFactory]: Factory method 'sqlSessionFactory' threw exception; nested exception is org.springframework.core.NestedIOException: Failed to parse mapping resource: 'file [/Users/hw/Desktop/project/apiSample/target/classes/mapper/SweettrackerMapper.xml]'; nested exception is org.apache.ibatis.builder.BuilderException: Error creating document instance.  Cause: org.xml.sax.SAXParseException; lineNumber: 50; columnNumber: 3;   "insert"()     "</insert>"()  .
	at org.springframework.beans.factory.support.ConstructorResolver.createArgumentArray(ConstructorResolver.java:800)
	at org.springframework.beans.factory.support.ConstructorResolver.autowireConstructor(ConstructorResolver.java:229)
	at org.springframework.beans.factory.support.AbstractAutowireCapableBeanFactory.autowireConstructor(AbstractAutowireCapableBeanFactory.java:1354)
	at org.springframework.beans.factory.support.AbstractAutowireCapableBeanFactory.createBeanInstance(AbstractAutowireCapableBeanFactory.java:1204)
	at org.springframework.beans.factory.support.AbstractAutowireCapableBeanFactory.doCreateBean(AbstractAutowireCapableBeanFactory.java:564)
	at org.springframework.beans.factory.support.AbstractAutowireCapableBeanFactory.createBean(AbstractAutowireCapableBeanFactory.java:524)
	at org.springframework.beans.factory.support.AbstractBeanFactory.lambda$doGetBean$0(AbstractBeanFactory.java:335)
	at org.springframework.beans.factory.support.DefaultSingletonBeanRegistry.getSingleton(DefaultSingletonBeanRegistry.java:234)
	at org.springframework.beans.factory.support.AbstractBeanFactory.doGetBean(AbstractBeanFactory.java:333)
	at org.springframework.beans.factory.support.AbstractBeanFactory.getBean(AbstractBeanFactory.java:208)
	at org.springframework.beans.factory.support.DefaultListableBeanFactory.preInstantiateSingletons(DefaultListableBeanFactory.java:944)
	at org.springframework.context.support.AbstractApplicationContext.finishBeanFactoryInitialization(AbstractApplicationContext.java:918)
	at org.springframework.context.support.AbstractApplicationContext.refresh(AbstractApplicationContext.java:583)
	at org.springframework.boot.web.servlet.context.ServletWebServerApplicationContext.refresh(ServletWebServerApplicationContext.java:145)
	at org.springframework.boot.SpringApplication.refresh(SpringApplication.java:754)
	at org.springframework.boot.SpringApplication.refreshContext(SpringApplication.java:434)
	at org.springframework.boot.SpringApplication.run(SpringApplication.java:338)
	at org.springframework.boot.SpringApplication.run(SpringApplication.java:1343)
	at org.springframework.boot.SpringApplication.run(SpringApplication.java:1332)
	at com.api.sample.SampleApplication.main(SampleApplication.java:18)
Caused by: org.springframework.beans.factory.UnsatisfiedDependencyException: Error creating bean with name 'apiSampleService' defined in file [/Users/hw/Desktop/project/apiSample/target/classes/com/api/sample/api/service/ApiSampleService.class]: Unsatisfied dependency expressed through constructor parameter 0; nested exception is org.springframework.beans.factory.UnsatisfiedDependencyException: Error creating bean with name 'apiSampleMapper' defined in file [/Users/hw/Desktop/project/apiSample/target/classes/com/api/sample/api/mapper/ApiSampleMapper.class]: Unsatisfied dependency expressed through bean property 'sqlSessionFactory'; nested exception is org.springframework.beans.factory.BeanCreationException: Error creating bean with name 'sqlSessionFactory' defined in class path resource [org/mybatis/spring/boot/autoconfigure/MybatisAutoConfiguration.class]: Bean instantiation via factory method failed; nested exception is org.springframework.beans.BeanInstantiationException: Failed to instantiate [org.apache.ibatis.session.SqlSessionFactory]: Factory method 'sqlSessionFactory' threw exception; nested exception is org.springframework.core.NestedIOException: Failed to parse mapping resource: 'file [/Users/hw/Desktop/project/apiSample/target/classes/mapper/SweettrackerMapper.xml]'; nested exception is org.apache.ibatis.builder.BuilderException: Error creating document instance.  Cause: org.xml.sax.SAXParseException; lineNumber: 50; columnNumber: 3;   "insert"()     "</insert>"()  .
	at org.springframework.beans.factory.support.ConstructorResolver.createArgumentArray(ConstructorResolver.java:800)
	at org.springframework.beans.factory.support.ConstructorResolver.autowireConstructor(ConstructorResolver.java:229)
	at org.springframework.beans.factory.support.AbstractAutowireCapableBeanFactory.autowireConstructor(AbstractAutowireCapableBeanFactory.java:1354)
	at org.springframework.beans.factory.support.AbstractAutowireCapableBeanFactory.createBeanInstance(AbstractAutowireCapableBeanFactory.java:1204)
	at org.springframework.beans.factory.support.AbstractAutowireCapableBeanFactory.doCreateBean(AbstractAutowireCapableBeanFactory.java:564)
	at org.springframework.beans.factory.support.AbstractAutowireCapableBeanFactory.createBean(AbstractAutowireCapableBeanFactory.java:524)
	at org.springframework.beans.factory.support.AbstractBeanFactory.lambda$doGetBean$0(AbstractBeanFactory.java:335)
	at org.springframework.beans.factory.support.DefaultSingletonBeanRegistry.getSingleton(DefaultSingletonBeanRegistry.java:234)
	at org.springframework.beans.factory.support.AbstractBeanFactory.doGetBean(AbstractBeanFactory.java:333)
	at org.springframework.beans.factory.support.AbstractBeanFactory.getBean(AbstractBeanFactory.java:208)
	at org.springframework.beans.factory.config.DependencyDescriptor.resolveCandidate(DependencyDescriptor.java:276)
	at org.springframework.beans.factory.support.DefaultListableBeanFactory.doResolveDependency(DefaultListableBeanFactory.java:1380)
	at org.springframework.beans.factory.support.DefaultListableBeanFactory.resolveDependency(DefaultListableBeanFactory.java:1300)
	at org.springframework.beans.factory.support.ConstructorResolver.resolveAutowiredArgument(ConstructorResolver.java:887)
	at org.springframework.beans.factory.support.ConstructorResolver.createArgumentArray(ConstructorResolver.java:791)
	... 19 common frames omitted
Caused by: org.springframework.beans.factory.UnsatisfiedDependencyException: Error creating bean with name 'apiSampleMapper' defined in file [/Users/hw/Desktop/project/apiSample/target/classes/com/api/sample/api/mapper/ApiSampleMapper.class]: Unsatisfied dependency expressed through bean property 'sqlSessionFactory'; nested exception is org.springframework.beans.factory.BeanCreationException: Error creating bean with name 'sqlSessionFactory' defined in class path resource [org/mybatis/spring/boot/autoconfigure/MybatisAutoConfiguration.class]: Bean instantiation via factory method failed; nested exception is org.springframework.beans.BeanInstantiationException: Failed to instantiate [org.apache.ibatis.session.SqlSessionFactory]: Factory method 'sqlSessionFactory' threw exception; nested exception is org.springframework.core.NestedIOException: Failed to parse mapping resource: 'file [/Users/hw/Desktop/project/apiSample/target/classes/mapper/SweettrackerMapper.xml]'; nested exception is org.apache.ibatis.builder.BuilderException: Error creating document instance.  Cause: org.xml.sax.SAXParseException; lineNumber: 50; columnNumber: 3;   "insert"()     "</insert>"()  .
	at org.springframework.beans.factory.support.AbstractAutowireCapableBeanFactory.autowireByType(AbstractAutowireCapableBeanFactory.java:1516)
	at org.springframework.beans.factory.support.AbstractAutowireCapableBeanFactory.populateBean(AbstractAutowireCapableBeanFactory.java:1399)
	at org.springframework.beans.factory.support.AbstractAutowireCapableBeanFactory.doCreateBean(AbstractAutowireCapableBeanFactory.java:601)
	at org.springframework.beans.factory.support.AbstractAutowireCapableBeanFactory.createBean(AbstractAutowireCapableBeanFactory.java:524)
	at org.springframework.beans.factory.support.AbstractBeanFactory.lambda$doGetBean$0(AbstractBeanFactory.java:335)
	at org.springframework.beans.factory.support.DefaultSingletonBeanRegistry.getSingleton(DefaultSingletonBeanRegistry.java:234)
	at org.springframework.beans.factory.support.AbstractBeanFactory.doGetBean(AbstractBeanFactory.java:333)
	at org.springframework.beans.factory.support.AbstractBeanFactory.getBean(AbstractBeanFactory.java:208)
	at org.springframework.beans.factory.config.DependencyDescriptor.resolveCandidate(DependencyDescriptor.java:276)
	at org.springframework.beans.factory.support.DefaultListableBeanFactory.doResolveDependency(DefaultListableBeanFactory.java:1380)
	at org.springframework.beans.factory.support.DefaultListableBeanFactory.resolveDependency(DefaultListableBeanFactory.java:1300)
	at org.springframework.beans.factory.support.ConstructorResolver.resolveAutowiredArgument(ConstructorResolver.java:887)
	at org.springframework.beans.factory.support.ConstructorResolver.createArgumentArray(ConstructorResolver.java:791)
	... 33 common frames omitted
Caused by: org.springframework.beans.factory.BeanCreationException: Error creating bean with name 'sqlSessionFactory' defined in class path resource [org/mybatis/spring/boot/autoconfigure/MybatisAutoConfiguration.class]: Bean instantiation via factory method failed; nested exception is org.springframework.beans.BeanInstantiationException: Failed to instantiate [org.apache.ibatis.session.SqlSessionFactory]: Factory method 'sqlSessionFactory' threw exception; nested exception is org.springframework.core.NestedIOException: Failed to parse mapping resource: 'file [/Users/hw/Desktop/project/apiSample/target/classes/mapper/SweettrackerMapper.xml]'; nested exception is org.apache.ibatis.builder.BuilderException: Error creating document instance.  Cause: org.xml.sax.SAXParseException; lineNumber: 50; columnNumber: 3;   "insert"()     "</insert>"()  .
	at org.springframework.beans.factory.support.ConstructorResolver.instantiate(ConstructorResolver.java:658)
	at org.springframework.beans.factory.support.ConstructorResolver.instantiateUsingFactoryMethod(ConstructorResolver.java:638)
	at org.springframework.beans.factory.support.AbstractAutowireCapableBeanFactory.instantiateUsingFactoryMethod(AbstractAutowireCapableBeanFactory.java:1334)
	at org.springframework.beans.factory.support.AbstractAutowireCapableBeanFactory.createBeanInstance(AbstractAutowireCapableBeanFactory.java:1177)
	at org.springframework.beans.factory.support.AbstractAutowireCapableBeanFactory.doCreateBean(AbstractAutowireCapableBeanFactory.java:564)
	at org.springframework.beans.factory.support.AbstractAutowireCapableBeanFactory.createBean(AbstractAutowireCapableBeanFactory.java:524)
	at org.springframework.beans.factory.support.AbstractBeanFactory.lambda$doGetBean$0(AbstractBeanFactory.java:335)
	at org.springframework.beans.factory.support.DefaultSingletonBeanRegistry.getSingleton(DefaultSingletonBeanRegistry.java:234)
	at org.springframework.beans.factory.support.AbstractBeanFactory.doGetBean(AbstractBeanFactory.java:333)
	at org.springframework.beans.factory.support.AbstractBeanFactory.getBean(AbstractBeanFactory.java:208)
	at org.springframework.beans.factory.config.DependencyDescriptor.resolveCandidate(DependencyDescriptor.java:276)
	at org.springframework.beans.factory.support.DefaultListableBeanFactory.doResolveDependency(DefaultListableBeanFactory.java:1380)
	at org.springframework.beans.factory.support.DefaultListableBeanFactory.resolveDependency(DefaultListableBeanFactory.java:1300)
	at org.springframework.beans.factory.support.AbstractAutowireCapableBeanFactory.autowireByType(AbstractAutowireCapableBeanFactory.java:1501)
	... 45 common frames omitted
Caused by: org.springframework.beans.BeanInstantiationException: Failed to instantiate [org.apache.ibatis.session.SqlSessionFactory]: Factory method 'sqlSessionFactory' threw exception; nested exception is org.springframework.core.NestedIOException: Failed to parse mapping resource: 'file [/Users/hw/Desktop/project/apiSample/target/classes/mapper/SweettrackerMapper.xml]'; nested exception is org.apache.ibatis.builder.BuilderException: Error creating document instance.  Cause: org.xml.sax.SAXParseException; lineNumber: 50; columnNumber: 3;   "insert"()     "</insert>"()  .
	at org.springframework.beans.factory.support.SimpleInstantiationStrategy.instantiate(SimpleInstantiationStrategy.java:185)
	at org.springframework.beans.factory.support.ConstructorResolver.instantiate(ConstructorResolver.java:653)
	... 58 common frames omitted
Caused by: org.springframework.core.NestedIOException: Failed to parse mapping resource: 'file [/Users/hw/Desktop/project/apiSample/target/classes/mapper/SweettrackerMapper.xml]'; nested exception is org.apache.ibatis.builder.BuilderException: Error creating document instance.  Cause: org.xml.sax.SAXParseException; lineNumber: 50; columnNumber: 3;   "insert"()     "</insert>"()  .
	at org.mybatis.spring.SqlSessionFactoryBean.buildSqlSessionFactory(SqlSessionFactoryBean.java:613)
	at org.mybatis.spring.SqlSessionFactoryBean.afterPropertiesSet(SqlSessionFactoryBean.java:491)
	at org.mybatis.spring.SqlSessionFactoryBean.getObject(SqlSessionFactoryBean.java:633)
	at org.mybatis.spring.boot.autoconfigure.MybatisAutoConfiguration.sqlSessionFactory(MybatisAutoConfiguration.java:179)
	at org.mybatis.spring.boot.autoconfigure.MybatisAutoConfiguration$$EnhancerBySpringCGLIB$$8c7c3ad5.CGLIB$sqlSessionFactory$0(<generated>)
	at org.mybatis.spring.boot.autoconfigure.MybatisAutoConfiguration$$EnhancerBySpringCGLIB$$8c7c3ad5$$FastClassBySpringCGLIB$$609c3984.invoke(<generated>)
	at org.springframework.cglib.proxy.MethodProxy.invokeSuper(MethodProxy.java:244)
	at org.springframework.context.annotation.ConfigurationClassEnhancer$BeanMethodInterceptor.intercept(ConfigurationClassEnhancer.java:331)
	at org.mybatis.spring.boot.autoconfigure.MybatisAutoConfiguration$$EnhancerBySpringCGLIB$$8c7c3ad5.sqlSessionFactory(<generated>)
	at sun.reflect.NativeMethodAccessorImpl.invoke0(Native Method)
	at sun.reflect.NativeMethodAccessorImpl.invoke(NativeMethodAccessorImpl.java:62)
	at sun.reflect.DelegatingMethodAccessorImpl.invoke(DelegatingMethodAccessorImpl.java:43)
	at java.lang.reflect.Method.invoke(Method.java:498)
	at org.springframework.beans.factory.support.SimpleInstantiationStrategy.instantiate(SimpleInstantiationStrategy.java:154)
	... 59 common frames omitted
Caused by: org.apache.ibatis.builder.BuilderException: Error creating document instance.  Cause: org.xml.sax.SAXParseException; lineNumber: 50; columnNumber: 3;   "insert"()     "</insert>"()  .
	at org.apache.ibatis.parsing.XPathParser.createDocument(XPathParser.java:263)
	at org.apache.ibatis.parsing.XPathParser.<init>(XPathParser.java:127)
	at org.apache.ibatis.builder.xml.XMLMapperBuilder.<init>(XMLMapperBuilder.java:81)
	at org.mybatis.spring.SqlSessionFactoryBean.buildSqlSessionFactory(SqlSessionFactoryBean.java:610)
	... 72 common frames omitted
Caused by: org.xml.sax.SAXParseException:   "insert"()     "</insert>"()  .
	at com.sun.org.apache.xerces.internal.util.ErrorHandlerWrapper.createSAXParseException(ErrorHandlerWrapper.java:204)
	at com.sun.org.apache.xerces.internal.util.ErrorHandlerWrapper.fatalError(ErrorHandlerWrapper.java:178)
	at com.sun.org.apache.xerces.internal.impl.XMLErrorReporter.reportError(XMLErrorReporter.java:400)
	at com.sun.org.apache.xerces.internal.impl.XMLErrorReporter.reportError(XMLErrorReporter.java:327)
	at com.sun.org.apache.xerces.internal.impl.XMLScanner.reportFatalError(XMLScanner.java:1472)
	at com.sun.org.apache.xerces.internal.impl.XMLDocumentFragmentScannerImpl.scanEndElement(XMLDocumentFragmentScannerImpl.java:1751)
	at com.sun.org.apache.xerces.internal.impl.XMLDocumentFragmentScannerImpl$FragmentContentDriver.next(XMLDocumentFragmentScannerImpl.java:2969)
	at com.sun.org.apache.xerces.internal.impl.XMLDocumentScannerImpl.next(XMLDocumentScannerImpl.java:605)
	at com.sun.org.apache.xerces.internal.impl.XMLDocumentFragmentScannerImpl.scanDocument(XMLDocumentFragmentScannerImpl.java:507)
	at com.sun.org.apache.xerces.internal.parsers.XML11Configuration.parse(XML11Configuration.java:867)
	at com.sun.org.apache.xerces.internal.parsers.XML11Configuration.parse(XML11Configuration.java:796)
	at com.sun.org.apache.xerces.internal.parsers.XMLParser.parse(XMLParser.java:142)
	at com.sun.org.apache.xerces.internal.parsers.DOMParser.parse(DOMParser.java:247)
	at com.sun.org.apache.xerces.internal.jaxp.DocumentBuilderImpl.parse(DocumentBuilderImpl.java:339)
	at org.apache.ibatis.parsing.XPathParser.createDocument(XPathParser.java:261)
	... 75 common frames omitted
[LOCAL] [2022-04-22 21:06:25.266] [INFO ] [org.hibernate.validator.internal.util.Version.<clinit>:line-21] - HV000001: Hibernate Validator 6.2.0.Final
[LOCAL] [2022-04-22 21:06:25.279] [INFO ] [com.api.sample.SampleApplication.logStarting:line-55] - Starting SampleApplication using Java 1.8.0_311 on ihyeong-won-ui-MacBookPro.local with PID 23786 (/Users/hw/Desktop/project/apiSample/target/classes started by hw in /Users/hw/Desktop/project/apiSample)
[LOCAL] [2022-04-22 21:06:25.280] [INFO ] [com.api.sample.SampleApplication.logStartupProfileInfo:line-659] - No active profile set, falling back to default profiles: default
[LOCAL] [2022-04-22 21:06:26.447] [INFO ] [org.springframework.cloud.context.scope.GenericScope.setSerializationId:line-283] - BeanFactory id=ee4b6252-05e6-39a4-9fdb-d7460862c13b
[LOCAL] [2022-04-22 21:06:26.550] [INFO ] [com.ulisesbocchio.jasyptspringboot.configuration.EnableEncryptablePropertiesBeanFactoryPostProcessor.postProcessBeanFactory:line-39] - Post-processing PropertySource instances
[LOCAL] [2022-04-22 21:06:26.580] [INFO ] [com.ulisesbocchio.jasyptspringboot.EncryptablePropertySourceConverter.makeEncryptable:line-56] - Converting PropertySource configurationProperties [org.springframework.boot.context.properties.source.ConfigurationPropertySourcesPropertySource] to AOP Proxy
[LOCAL] [2022-04-22 21:06:26.581] [INFO ] [com.ulisesbocchio.jasyptspringboot.EncryptablePropertySourceConverter.makeEncryptable:line-56] - Converting PropertySource servletConfigInitParams [org.springframework.core.env.PropertySource$StubPropertySource] to EncryptablePropertySourceWrapper
[LOCAL] [2022-04-22 21:06:26.581] [INFO ] [com.ulisesbocchio.jasyptspringboot.EncryptablePropertySourceConverter.makeEncryptable:line-56] - Converting PropertySource servletContextInitParams [org.springframework.core.env.PropertySource$StubPropertySource] to EncryptablePropertySourceWrapper
[LOCAL] [2022-04-22 21:06:26.582] [INFO ] [com.ulisesbocchio.jasyptspringboot.EncryptablePropertySourceConverter.makeEncryptable:line-56] - Converting PropertySource systemProperties [org.springframework.core.env.PropertiesPropertySource] to EncryptableMapPropertySourceWrapper
[LOCAL] [2022-04-22 21:06:26.582] [INFO ] [com.ulisesbocchio.jasyptspringboot.EncryptablePropertySourceConverter.makeEncryptable:line-56] - Converting PropertySource systemEnvironment [org.springframework.boot.env.SystemEnvironmentPropertySourceEnvironmentPostProcessor$OriginAwareSystemEnvironmentPropertySource] to EncryptableSystemEnvironmentPropertySourceWrapper
[LOCAL] [2022-04-22 21:06:26.582] [INFO ] [com.ulisesbocchio.jasyptspringboot.EncryptablePropertySourceConverter.makeEncryptable:line-56] - Converting PropertySource random [org.springframework.boot.env.RandomValuePropertySource] to EncryptablePropertySourceWrapper
[LOCAL] [2022-04-22 21:06:26.582] [INFO ] [com.ulisesbocchio.jasyptspringboot.EncryptablePropertySourceConverter.makeEncryptable:line-56] - Converting PropertySource cachedrandom [org.springframework.cloud.util.random.CachedRandomPropertySource] to EncryptablePropertySourceWrapper
[LOCAL] [2022-04-22 21:06:26.582] [INFO ] [com.ulisesbocchio.jasyptspringboot.EncryptablePropertySourceConverter.makeEncryptable:line-56] - Converting PropertySource springCloudClientHostInfo [org.springframework.core.env.MapPropertySource] to EncryptableMapPropertySourceWrapper
[LOCAL] [2022-04-22 21:06:26.582] [INFO ] [com.ulisesbocchio.jasyptspringboot.EncryptablePropertySourceConverter.makeEncryptable:line-56] - Converting PropertySource Config resource 'class path resource [application.yml]' via location 'optional:classpath:/' [org.springframework.boot.env.OriginTrackedMapPropertySource] to EncryptableMapPropertySourceWrapper
[LOCAL] [2022-04-22 21:06:26.650] [INFO ] [com.ulisesbocchio.jasyptspringboot.filter.DefaultLazyPropertyFilter.lambda$null$2:line-31] - Property Filter custom Bean not found with name 'encryptablePropertyFilter'. Initializing Default Property Filter
[LOCAL] [2022-04-22 21:06:26.690] [INFO ] [org.springframework.context.support.PostProcessorRegistrationDelegate$BeanPostProcessorChecker.postProcessAfterInitialization:line-376] - Bean 'org.springframework.ws.config.annotation.DelegatingWsConfiguration' of type [org.springframework.ws.config.annotation.DelegatingWsConfiguration$$EnhancerBySpringCGLIB$$d4ada89b] is not eligible for getting processed by all BeanPostProcessors (for example: not eligible for auto-proxying)
[LOCAL] [2022-04-22 21:06:26.717] [INFO ] [org.springframework.ws.soap.addressing.server.AnnotationActionEndpointMapping.afterPropertiesSet:line-239] - Supporting [WS-Addressing August 2004, WS-Addressing 1.0]
[LOCAL] [2022-04-22 21:06:26.908] [INFO ] [com.ulisesbocchio.jasyptspringboot.resolver.DefaultLazyPropertyResolver.lambda$null$2:line-35] - Property Resolver custom Bean not found with name 'encryptablePropertyResolver'. Initializing Default Property Resolver
[LOCAL] [2022-04-22 21:06:26.914] [INFO ] [com.ulisesbocchio.jasyptspringboot.detector.DefaultLazyPropertyDetector.lambda$null$2:line-35] - Property Detector custom Bean not found with name 'encryptablePropertyDetector'. Initializing Default Property Detector
[LOCAL] [2022-04-22 21:06:27.240] [INFO ] [org.springframework.boot.web.embedded.tomcat.TomcatWebServer.initialize:line-108] - Tomcat initialized with port(s): 8080 (http)
[LOCAL] [2022-04-22 21:06:27.247] [INFO ] [org.apache.coyote.http11.Http11NioProtocol.log:line-173] - Initializing ProtocolHandler ["http-nio-8080"]
[LOCAL] [2022-04-22 21:06:27.265] [INFO ] [org.apache.catalina.core.StandardService.log:line-173] - Starting service [Tomcat]
[LOCAL] [2022-04-22 21:06:27.267] [INFO ] [org.apache.catalina.core.StandardEngine.log:line-173] - Starting Servlet engine: [Apache Tomcat/9.0.52]
[LOCAL] [2022-04-22 21:06:27.343] [INFO ] [org.apache.catalina.core.ContainerBase.[Tomcat].[localhost].[/].log:line-173] - Initializing Spring embedded WebApplicationContext
[LOCAL] [2022-04-22 21:06:27.343] [INFO ] [org.springframework.boot.web.servlet.context.ServletWebServerApplicationContext.prepareWebApplicationContext:line-290] - Root WebApplicationContext: initialization completed in 2002 ms
[LOCAL] [2022-04-22 21:06:27.440] [INFO ] [com.api.sample.config.ApiFilter.init:line-19] - =====================Filter TEST  : init ApiFilter=====================
[LOCAL] [2022-04-22 21:06:27.857] [INFO ] [com.ulisesbocchio.jasyptspringboot.encryptor.DefaultLazyEncryptor.lambda$null$1:line-32] - Found Custom Encryptor Bean org.jasypt.encryption.pbe.PooledPBEStringEncryptor@7a0ab480 with name: jasyptStringEncryptor
[LOCAL] [2022-04-22 21:06:28.814] [INFO ] [org.apache.coyote.http11.Http11NioProtocol.log:line-173] - Starting ProtocolHandler ["http-nio-8080"]
[LOCAL] [2022-04-22 21:06:28.828] [INFO ] [org.springframework.boot.web.embedded.tomcat.TomcatWebServer.start:line-220] - Tomcat started on port(s): 8080 (http) with context path ''
[LOCAL] [2022-04-22 21:06:28.840] [INFO ] [com.api.sample.SampleApplication.logStarted:line-61] - Started SampleApplication in 4.161 seconds (JVM running for 4.746)
